2021-11-10 13:39:50 [::1][2][o4pmi668enfgdqvuodshltid6e][error][Error] Error: Class 'backend\models\Limpieza' not found in C:\wamp64\www\zuntic_control_v1\backend\models\Estado.php:37
Stack trace:
#0 C:\wamp64\www\zuntic_control_v1\vendor\yiisoft\yii2\base\Model.php(465): backend\models\Estado->rules()
#1 C:\wamp64\www\zuntic_control_v1\vendor\yiisoft\yii2\base\Model.php(421): yii\base\Model->createValidators()
#2 C:\wamp64\www\zuntic_control_v1\vendor\yiisoft\yii2\base\Model.php(190): yii\base\Model->getValidators()
#3 C:\wamp64\www\zuntic_control_v1\vendor\yiisoft\yii2\base\Model.php(796): yii\base\Model->scenarios()
#4 C:\wamp64\www\zuntic_control_v1\vendor\yiisoft\yii2-gii\src\generators\crud\default\views\_form.php(11): yii\base\Model->safeAttributes()
#5 C:\wamp64\www\zuntic_control_v1\vendor\yiisoft\yii2\base\View.php(348): require('C:\\wamp64\\www\\z...')
#6 C:\wamp64\www\zuntic_control_v1\vendor\yiisoft\yii2\base\View.php(257): yii\base\View->renderPhpFile('C:\\wamp64\\www\\z...', Array)
#7 C:\wamp64\www\zuntic_control_v1\vendor\yiisoft\yii2-gii\src\Generator.php(317): yii\base\View->renderFile('C:\\wamp64\\www\\z...', Array, Object(yii\gii\generators\crud\Generator))
#8 C:\wamp64\www\zuntic_control_v1\vendor\yiisoft\yii2-gii\src\generators\crud\Generator.php(204): yii\gii\Generator->render('views/_form.php')
#9 C:\wamp64\www\zuntic_control_v1\vendor\yiisoft\yii2-gii\src\controllers\DefaultController.php(61): yii\gii\generators\crud\Generator->generate()
#10 [internal function]: yii\gii\controllers\DefaultController->actionView('crud')
#11 C:\wamp64\www\zuntic_control_v1\vendor\yiisoft\yii2\base\InlineAction.php(57): call_user_func_array(Array, Array)
#12 C:\wamp64\www\zuntic_control_v1\vendor\yiisoft\yii2\base\Controller.php(181): yii\base\InlineAction->runWithParams(Array)
#13 C:\wamp64\www\zuntic_control_v1\vendor\yiisoft\yii2\base\Module.php(534): yii\base\Controller->runAction('view', Array)
#14 C:\wamp64\www\zuntic_control_v1\vendor\yiisoft\yii2\web\Application.php(104): yii\base\Module->runAction('gii/default/vie...', Array)
#15 C:\wamp64\www\zuntic_control_v1\vendor\yiisoft\yii2\base\Application.php(392): yii\web\Application->handleRequest(Object(yii\web\Request))
#16 C:\wamp64\www\zuntic_control_v1\backend\web\index.php(18): yii\base\Application->run()
#17 {main}
2021-11-10 13:39:50 [::1][2][o4pmi668enfgdqvuodshltid6e][info][application] $_GET = [
    'r' => 'gii/default/view'
    'id' => 'crud'
]

$_POST = [
    '_csrf-backend' => 'TRs_zkX7l9Uxls3Wzaas4qpwNi4ekKPh5Brv4svKPBUuX3OWGsrzp0Tkt-K85ZSg5RZubS7FyrOnQ5Ww_ZJqYw=='
    'Generator' => [
        'modelClass' => 'backend\\models\\Estado'
        'searchModelClass' => 'backend\\models\\search\\EstadoSearch'
        'controllerClass' => 'backend\\controllers\\EstadoController'
        'viewPath' => ''
        'baseControllerClass' => 'yii\\web\\Controller'
        'indexWidgetType' => 'grid'
        'enableI18N' => '0'
        'enablePjax' => '0'
        'messageCategory' => 'app'
        'template' => 'default'
    ]
    'preview' => ''
]

$_FILES = []

$_COOKIE = [
    'advanced-frontend' => 'iv8onfdpjedvaovj1o43jv0au9'
    '_identity-frontend' => '2e7470d6c7e6ab5f644b3490e029ebb210b31ce6fb100ab1069489d7410485b5a:2:{i:0;s:18:\"_identity-frontend\";i:1;s:46:\"[2,\"trlZT7c4ME46ps5Qd7nZvB-e-1Mk_0ow\",2592000]\";}'
    '_csrf-frontend' => '7f80bfcfc11ea1452ec2f5174e0d27e2f4bbcd80ef763c8cc6db4e085e3c04a9a:2:{i:0;s:14:\"_csrf-frontend\";i:1;s:32:\"N8CfgkCwWG_U07QzvJcmWoMx87q-8jlW\";}'
    'advanced-backend' => 'o4pmi668enfgdqvuodshltid6e'
    '_identity-backend' => '823c6f3a5bc61751ff1ae9666d6d4590917a323e721e436eae1db8c2f8aa3ebba:2:{i:0;s:17:\"_identity-backend\";i:1;s:46:\"[2,\"trlZT7c4ME46ps5Qd7nZvB-e-1Mk_0ow\",2592000]\";}'
    '_csrf-backend' => '4c9de0eb66307275800ddb0f123e8199b0a7d28ac1d0e4d2b9e9b822a1ebe222a:2:{i:0;s:13:\"_csrf-backend\";i:1;s:32:\"cDLX_1drurz4qC8BOfXC0UiRCYzR6XVv\";}'
]

$_SESSION = [
    '__flash' => []
    '__returnUrl' => 'http://localhost:8080/zuntic_control_v1/backend/web/index.php'
    '__id' => 2
    '__authKey' => 'trlZT7c4ME46ps5Qd7nZvB-e-1Mk_0ow'
]

$_SERVER = [
    'HTTP_HOST' => 'localhost:8080'
    'HTTP_CONNECTION' => 'keep-alive'
    'CONTENT_LENGTH' => '554'
    'HTTP_CACHE_CONTROL' => 'max-age=0'
    'HTTP_SEC_CH_UA' => '\"Google Chrome\";v=\"95\", \"Chromium\";v=\"95\", \";Not A Brand\";v=\"99\"'
    'HTTP_SEC_CH_UA_MOBILE' => '?0'
    'HTTP_SEC_CH_UA_PLATFORM' => '\"Windows\"'
    'HTTP_UPGRADE_INSECURE_REQUESTS' => '1'
    'HTTP_ORIGIN' => 'http://localhost:8080'
    'CONTENT_TYPE' => 'application/x-www-form-urlencoded'
    'HTTP_USER_AGENT' => 'Mozilla/5.0 (Windows NT 10.0; Win64; x64) AppleWebKit/537.36 (KHTML, like Gecko) Chrome/95.0.4638.69 Safari/537.36'
    'HTTP_ACCEPT' => 'text/html,application/xhtml+xml,application/xml;q=0.9,image/avif,image/webp,image/apng,*/*;q=0.8,application/signed-exchange;v=b3;q=0.9'
    'HTTP_SEC_FETCH_SITE' => 'same-origin'
    'HTTP_SEC_FETCH_MODE' => 'navigate'
    'HTTP_SEC_FETCH_USER' => '?1'
    'HTTP_SEC_FETCH_DEST' => 'document'
    'HTTP_REFERER' => 'http://localhost:8080/zuntic_control_v1/backend/web/index.php?r=gii%2Fdefault%2Fview&id=crud'
    'HTTP_ACCEPT_ENCODING' => 'gzip, deflate, br'
    'HTTP_ACCEPT_LANGUAGE' => 'en-US,en;q=0.9,es-US;q=0.8,es;q=0.7'
    'HTTP_COOKIE' => 'advanced-frontend=iv8onfdpjedvaovj1o43jv0au9; _identity-frontend=2e7470d6c7e6ab5f644b3490e029ebb210b31ce6fb100ab1069489d7410485b5a%3A2%3A%7Bi%3A0%3Bs%3A18%3A%22_identity-frontend%22%3Bi%3A1%3Bs%3A46%3A%22%5B2%2C%22trlZT7c4ME46ps5Qd7nZvB-e-1Mk_0ow%22%2C2592000%5D%22%3B%7D; _csrf-frontend=7f80bfcfc11ea1452ec2f5174e0d27e2f4bbcd80ef763c8cc6db4e085e3c04a9a%3A2%3A%7Bi%3A0%3Bs%3A14%3A%22_csrf-frontend%22%3Bi%3A1%3Bs%3A32%3A%22N8CfgkCwWG_U07QzvJcmWoMx87q-8jlW%22%3B%7D; advanced-backend=o4pmi668enfgdqvuodshltid6e; _identity-backend=823c6f3a5bc61751ff1ae9666d6d4590917a323e721e436eae1db8c2f8aa3ebba%3A2%3A%7Bi%3A0%3Bs%3A17%3A%22_identity-backend%22%3Bi%3A1%3Bs%3A46%3A%22%5B2%2C%22trlZT7c4ME46ps5Qd7nZvB-e-1Mk_0ow%22%2C2592000%5D%22%3B%7D; _csrf-backend=4c9de0eb66307275800ddb0f123e8199b0a7d28ac1d0e4d2b9e9b822a1ebe222a%3A2%3A%7Bi%3A0%3Bs%3A13%3A%22_csrf-backend%22%3Bi%3A1%3Bs%3A32%3A%22cDLX_1drurz4qC8BOfXC0UiRCYzR6XVv%22%3B%7D'
    'PATH' => 'C:\\Program Files (x86)\\Common Files\\Oracle\\Java\\javapath;C:\\Windows\\system32;C:\\Windows;C:\\Windows\\System32\\Wbem;C:\\Windows\\System32\\WindowsPowerShell\\v1.0\\;C:\\Windows\\System32\\OpenSSH\\;C:\\Program Files\\nodejs\\;C:\\Program Files\\Git\\cmd;C:\\wamp64\\bin\\php\\php5.6.40;C:\\ProgramData\\ComposerSetup\\bin;C:\\Apache-Subversion\\bin;C:\\Program Files (x86)\\Microsoft SQL Server\\150\\Tools\\Binn\\;C:\\Program Files\\Microsoft SQL Server\\150\\Tools\\Binn\\;C:\\Program Files\\Microsoft SQL Server\\150\\DTS\\Binn\\;C:\\Program Files\\Microsoft SQL Server\\Client SDK\\ODBC\\170\\Tools\\Binn\\;C:\\Program Files\\Azure Data Studio\\bin;C:\\Program Files (x86)\\Microsoft SQL Server\\150\\DTS\\Binn\\;C:\\Windows\\system32\\config\\systemprofile\\AppData\\Local\\Microsoft\\WindowsApps'
    'SystemRoot' => 'C:\\Windows'
    'COMSPEC' => 'C:\\Windows\\system32\\cmd.exe'
    'PATHEXT' => '.COM;.EXE;.BAT;.CMD;.VBS;.VBE;.JS;.JSE;.WSF;.WSH;.MSC'
    'WINDIR' => 'C:\\Windows'
    'SERVER_SIGNATURE' => '<address>Apache/2.4.46 (Win64) PHP/7.3.21 Server at localhost Port 8080</address>
'
    'SERVER_SOFTWARE' => 'Apache/2.4.46 (Win64) PHP/7.3.21'
    'SERVER_NAME' => 'localhost'
    'SERVER_ADDR' => '::1'
    'SERVER_PORT' => '8080'
    'REMOTE_ADDR' => '::1'
    'DOCUMENT_ROOT' => 'C:/wamp64/www'
    'REQUEST_SCHEME' => 'http'
    'CONTEXT_PREFIX' => ''
    'CONTEXT_DOCUMENT_ROOT' => 'C:/wamp64/www'
    'SERVER_ADMIN' => 'wampserver@wampserver.invalid'
    'SCRIPT_FILENAME' => 'C:/wamp64/www/zuntic_control_v1/backend/web/index.php'
    'REMOTE_PORT' => '49792'
    'GATEWAY_INTERFACE' => 'CGI/1.1'
    'SERVER_PROTOCOL' => 'HTTP/1.1'
    'REQUEST_METHOD' => 'POST'
    'QUERY_STRING' => 'r=gii%2Fdefault%2Fview&id=crud'
    'REQUEST_URI' => '/zuntic_control_v1/backend/web/index.php?r=gii%2Fdefault%2Fview&id=crud'
    'SCRIPT_NAME' => '/zuntic_control_v1/backend/web/index.php'
    'PHP_SELF' => '/zuntic_control_v1/backend/web/index.php'
    'REQUEST_TIME_FLOAT' => 1636551590.0359
    'REQUEST_TIME' => 1636551590
]
2021-11-10 13:40:55 [::1][2][o4pmi668enfgdqvuodshltid6e][error][Error] Error: Class 'backend\models\Limpieza' not found in C:\wamp64\www\zuntic_control_v1\backend\models\Estado.php:37
Stack trace:
#0 C:\wamp64\www\zuntic_control_v1\vendor\yiisoft\yii2\base\Model.php(465): backend\models\Estado->rules()
#1 C:\wamp64\www\zuntic_control_v1\vendor\yiisoft\yii2\base\Model.php(421): yii\base\Model->createValidators()
#2 C:\wamp64\www\zuntic_control_v1\vendor\yiisoft\yii2\base\Model.php(190): yii\base\Model->getValidators()
#3 C:\wamp64\www\zuntic_control_v1\vendor\yiisoft\yii2\base\Model.php(796): yii\base\Model->scenarios()
#4 C:\wamp64\www\zuntic_control_v1\vendor\yiisoft\yii2-gii\src\generators\crud\default\views\_form.php(11): yii\base\Model->safeAttributes()
#5 C:\wamp64\www\zuntic_control_v1\vendor\yiisoft\yii2\base\View.php(348): require('C:\\wamp64\\www\\z...')
#6 C:\wamp64\www\zuntic_control_v1\vendor\yiisoft\yii2\base\View.php(257): yii\base\View->renderPhpFile('C:\\wamp64\\www\\z...', Array)
#7 C:\wamp64\www\zuntic_control_v1\vendor\yiisoft\yii2-gii\src\Generator.php(317): yii\base\View->renderFile('C:\\wamp64\\www\\z...', Array, Object(yii\gii\generators\crud\Generator))
#8 C:\wamp64\www\zuntic_control_v1\vendor\yiisoft\yii2-gii\src\generators\crud\Generator.php(204): yii\gii\Generator->render('views/_form.php')
#9 C:\wamp64\www\zuntic_control_v1\vendor\yiisoft\yii2-gii\src\controllers\DefaultController.php(61): yii\gii\generators\crud\Generator->generate()
#10 [internal function]: yii\gii\controllers\DefaultController->actionView('crud')
#11 C:\wamp64\www\zuntic_control_v1\vendor\yiisoft\yii2\base\InlineAction.php(57): call_user_func_array(Array, Array)
#12 C:\wamp64\www\zuntic_control_v1\vendor\yiisoft\yii2\base\Controller.php(181): yii\base\InlineAction->runWithParams(Array)
#13 C:\wamp64\www\zuntic_control_v1\vendor\yiisoft\yii2\base\Module.php(534): yii\base\Controller->runAction('view', Array)
#14 C:\wamp64\www\zuntic_control_v1\vendor\yiisoft\yii2\web\Application.php(104): yii\base\Module->runAction('gii/default/vie...', Array)
#15 C:\wamp64\www\zuntic_control_v1\vendor\yiisoft\yii2\base\Application.php(392): yii\web\Application->handleRequest(Object(yii\web\Request))
#16 C:\wamp64\www\zuntic_control_v1\backend\web\index.php(18): yii\base\Application->run()
#17 {main}
2021-11-10 13:40:55 [::1][2][o4pmi668enfgdqvuodshltid6e][info][application] $_GET = [
    'r' => 'gii/default/view'
    'id' => 'crud'
]

$_POST = [
    '_csrf-backend' => 'XWUvbYqHzlGnZxFst8slUqVorTnb685ILJReMMmQoW0-IWM11baqI9IVa1jGiB0Q6g71euu-pxpvzSRi_8j3Gw=='
    'Generator' => [
        'modelClass' => 'backend\\models\\Estado'
        'searchModelClass' => 'backend\\models\\search\\EstadoSearch'
        'controllerClass' => 'backend\\controllers\\EstadoController'
        'viewPath' => ''
        'baseControllerClass' => 'yii\\web\\Controller'
        'indexWidgetType' => 'grid'
        'enableI18N' => '0'
        'enablePjax' => '0'
        'messageCategory' => 'app'
        'template' => 'default'
    ]
    'preview' => ''
]

$_FILES = []

$_COOKIE = [
    'advanced-frontend' => 'iv8onfdpjedvaovj1o43jv0au9'
    '_identity-frontend' => '2e7470d6c7e6ab5f644b3490e029ebb210b31ce6fb100ab1069489d7410485b5a:2:{i:0;s:18:\"_identity-frontend\";i:1;s:46:\"[2,\"trlZT7c4ME46ps5Qd7nZvB-e-1Mk_0ow\",2592000]\";}'
    '_csrf-frontend' => '7f80bfcfc11ea1452ec2f5174e0d27e2f4bbcd80ef763c8cc6db4e085e3c04a9a:2:{i:0;s:14:\"_csrf-frontend\";i:1;s:32:\"N8CfgkCwWG_U07QzvJcmWoMx87q-8jlW\";}'
    'advanced-backend' => 'o4pmi668enfgdqvuodshltid6e'
    '_identity-backend' => '823c6f3a5bc61751ff1ae9666d6d4590917a323e721e436eae1db8c2f8aa3ebba:2:{i:0;s:17:\"_identity-backend\";i:1;s:46:\"[2,\"trlZT7c4ME46ps5Qd7nZvB-e-1Mk_0ow\",2592000]\";}'
    '_csrf-backend' => '4c9de0eb66307275800ddb0f123e8199b0a7d28ac1d0e4d2b9e9b822a1ebe222a:2:{i:0;s:13:\"_csrf-backend\";i:1;s:32:\"cDLX_1drurz4qC8BOfXC0UiRCYzR6XVv\";}'
]

$_SESSION = [
    '__flash' => []
    '__returnUrl' => 'http://localhost:8080/zuntic_control_v1/backend/web/index.php'
    '__id' => 2
    '__authKey' => 'trlZT7c4ME46ps5Qd7nZvB-e-1Mk_0ow'
]

$_SERVER = [
    'HTTP_HOST' => 'localhost:8080'
    'HTTP_CONNECTION' => 'keep-alive'
    'CONTENT_LENGTH' => '554'
    'HTTP_CACHE_CONTROL' => 'max-age=0'
    'HTTP_SEC_CH_UA' => '\"Google Chrome\";v=\"95\", \"Chromium\";v=\"95\", \";Not A Brand\";v=\"99\"'
    'HTTP_SEC_CH_UA_MOBILE' => '?0'
    'HTTP_SEC_CH_UA_PLATFORM' => '\"Windows\"'
    'HTTP_UPGRADE_INSECURE_REQUESTS' => '1'
    'HTTP_ORIGIN' => 'http://localhost:8080'
    'CONTENT_TYPE' => 'application/x-www-form-urlencoded'
    'HTTP_USER_AGENT' => 'Mozilla/5.0 (Windows NT 10.0; Win64; x64) AppleWebKit/537.36 (KHTML, like Gecko) Chrome/95.0.4638.69 Safari/537.36'
    'HTTP_ACCEPT' => 'text/html,application/xhtml+xml,application/xml;q=0.9,image/avif,image/webp,image/apng,*/*;q=0.8,application/signed-exchange;v=b3;q=0.9'
    'HTTP_SEC_FETCH_SITE' => 'same-origin'
    'HTTP_SEC_FETCH_MODE' => 'navigate'
    'HTTP_SEC_FETCH_USER' => '?1'
    'HTTP_SEC_FETCH_DEST' => 'document'
    'HTTP_REFERER' => 'http://localhost:8080/zuntic_control_v1/backend/web/index.php?r=gii%2Fdefault%2Fview&id=crud'
    'HTTP_ACCEPT_ENCODING' => 'gzip, deflate, br'
    'HTTP_ACCEPT_LANGUAGE' => 'en-US,en;q=0.9,es-US;q=0.8,es;q=0.7'
    'HTTP_COOKIE' => 'advanced-frontend=iv8onfdpjedvaovj1o43jv0au9; _identity-frontend=2e7470d6c7e6ab5f644b3490e029ebb210b31ce6fb100ab1069489d7410485b5a%3A2%3A%7Bi%3A0%3Bs%3A18%3A%22_identity-frontend%22%3Bi%3A1%3Bs%3A46%3A%22%5B2%2C%22trlZT7c4ME46ps5Qd7nZvB-e-1Mk_0ow%22%2C2592000%5D%22%3B%7D; _csrf-frontend=7f80bfcfc11ea1452ec2f5174e0d27e2f4bbcd80ef763c8cc6db4e085e3c04a9a%3A2%3A%7Bi%3A0%3Bs%3A14%3A%22_csrf-frontend%22%3Bi%3A1%3Bs%3A32%3A%22N8CfgkCwWG_U07QzvJcmWoMx87q-8jlW%22%3B%7D; advanced-backend=o4pmi668enfgdqvuodshltid6e; _identity-backend=823c6f3a5bc61751ff1ae9666d6d4590917a323e721e436eae1db8c2f8aa3ebba%3A2%3A%7Bi%3A0%3Bs%3A17%3A%22_identity-backend%22%3Bi%3A1%3Bs%3A46%3A%22%5B2%2C%22trlZT7c4ME46ps5Qd7nZvB-e-1Mk_0ow%22%2C2592000%5D%22%3B%7D; _csrf-backend=4c9de0eb66307275800ddb0f123e8199b0a7d28ac1d0e4d2b9e9b822a1ebe222a%3A2%3A%7Bi%3A0%3Bs%3A13%3A%22_csrf-backend%22%3Bi%3A1%3Bs%3A32%3A%22cDLX_1drurz4qC8BOfXC0UiRCYzR6XVv%22%3B%7D'
    'PATH' => 'C:\\Program Files (x86)\\Common Files\\Oracle\\Java\\javapath;C:\\Windows\\system32;C:\\Windows;C:\\Windows\\System32\\Wbem;C:\\Windows\\System32\\WindowsPowerShell\\v1.0\\;C:\\Windows\\System32\\OpenSSH\\;C:\\Program Files\\nodejs\\;C:\\Program Files\\Git\\cmd;C:\\wamp64\\bin\\php\\php5.6.40;C:\\ProgramData\\ComposerSetup\\bin;C:\\Apache-Subversion\\bin;C:\\Program Files (x86)\\Microsoft SQL Server\\150\\Tools\\Binn\\;C:\\Program Files\\Microsoft SQL Server\\150\\Tools\\Binn\\;C:\\Program Files\\Microsoft SQL Server\\150\\DTS\\Binn\\;C:\\Program Files\\Microsoft SQL Server\\Client SDK\\ODBC\\170\\Tools\\Binn\\;C:\\Program Files\\Azure Data Studio\\bin;C:\\Program Files (x86)\\Microsoft SQL Server\\150\\DTS\\Binn\\;C:\\Windows\\system32\\config\\systemprofile\\AppData\\Local\\Microsoft\\WindowsApps'
    'SystemRoot' => 'C:\\Windows'
    'COMSPEC' => 'C:\\Windows\\system32\\cmd.exe'
    'PATHEXT' => '.COM;.EXE;.BAT;.CMD;.VBS;.VBE;.JS;.JSE;.WSF;.WSH;.MSC'
    'WINDIR' => 'C:\\Windows'
    'SERVER_SIGNATURE' => '<address>Apache/2.4.46 (Win64) PHP/7.3.21 Server at localhost Port 8080</address>
'
    'SERVER_SOFTWARE' => 'Apache/2.4.46 (Win64) PHP/7.3.21'
    'SERVER_NAME' => 'localhost'
    'SERVER_ADDR' => '::1'
    'SERVER_PORT' => '8080'
    'REMOTE_ADDR' => '::1'
    'DOCUMENT_ROOT' => 'C:/wamp64/www'
    'REQUEST_SCHEME' => 'http'
    'CONTEXT_PREFIX' => ''
    'CONTEXT_DOCUMENT_ROOT' => 'C:/wamp64/www'
    'SERVER_ADMIN' => 'wampserver@wampserver.invalid'
    'SCRIPT_FILENAME' => 'C:/wamp64/www/zuntic_control_v1/backend/web/index.php'
    'REMOTE_PORT' => '49814'
    'GATEWAY_INTERFACE' => 'CGI/1.1'
    'SERVER_PROTOCOL' => 'HTTP/1.1'
    'REQUEST_METHOD' => 'POST'
    'QUERY_STRING' => 'r=gii%2Fdefault%2Fview&id=crud'
    'REQUEST_URI' => '/zuntic_control_v1/backend/web/index.php?r=gii%2Fdefault%2Fview&id=crud'
    'SCRIPT_NAME' => '/zuntic_control_v1/backend/web/index.php'
    'PHP_SELF' => '/zuntic_control_v1/backend/web/index.php'
    'REQUEST_TIME_FLOAT' => 1636551655.1975
    'REQUEST_TIME' => 1636551655
]
2021-11-10 13:43:17 [::1][2][o4pmi668enfgdqvuodshltid6e][error][Error] Error: Class 'backend\models\Ocupacion' not found in C:\wamp64\www\zuntic_control_v1\backend\models\Estado.php:38
Stack trace:
#0 C:\wamp64\www\zuntic_control_v1\vendor\yiisoft\yii2\base\Model.php(465): backend\models\Estado->rules()
#1 C:\wamp64\www\zuntic_control_v1\vendor\yiisoft\yii2\base\Model.php(421): yii\base\Model->createValidators()
#2 C:\wamp64\www\zuntic_control_v1\vendor\yiisoft\yii2\base\Model.php(190): yii\base\Model->getValidators()
#3 C:\wamp64\www\zuntic_control_v1\vendor\yiisoft\yii2\base\Model.php(796): yii\base\Model->scenarios()
#4 C:\wamp64\www\zuntic_control_v1\vendor\yiisoft\yii2-gii\src\generators\crud\default\views\_form.php(11): yii\base\Model->safeAttributes()
#5 C:\wamp64\www\zuntic_control_v1\vendor\yiisoft\yii2\base\View.php(348): require('C:\\wamp64\\www\\z...')
#6 C:\wamp64\www\zuntic_control_v1\vendor\yiisoft\yii2\base\View.php(257): yii\base\View->renderPhpFile('C:\\wamp64\\www\\z...', Array)
#7 C:\wamp64\www\zuntic_control_v1\vendor\yiisoft\yii2-gii\src\Generator.php(317): yii\base\View->renderFile('C:\\wamp64\\www\\z...', Array, Object(yii\gii\generators\crud\Generator))
#8 C:\wamp64\www\zuntic_control_v1\vendor\yiisoft\yii2-gii\src\generators\crud\Generator.php(204): yii\gii\Generator->render('views/_form.php')
#9 C:\wamp64\www\zuntic_control_v1\vendor\yiisoft\yii2-gii\src\controllers\DefaultController.php(61): yii\gii\generators\crud\Generator->generate()
#10 [internal function]: yii\gii\controllers\DefaultController->actionView('crud')
#11 C:\wamp64\www\zuntic_control_v1\vendor\yiisoft\yii2\base\InlineAction.php(57): call_user_func_array(Array, Array)
#12 C:\wamp64\www\zuntic_control_v1\vendor\yiisoft\yii2\base\Controller.php(181): yii\base\InlineAction->runWithParams(Array)
#13 C:\wamp64\www\zuntic_control_v1\vendor\yiisoft\yii2\base\Module.php(534): yii\base\Controller->runAction('view', Array)
#14 C:\wamp64\www\zuntic_control_v1\vendor\yiisoft\yii2\web\Application.php(104): yii\base\Module->runAction('gii/default/vie...', Array)
#15 C:\wamp64\www\zuntic_control_v1\vendor\yiisoft\yii2\base\Application.php(392): yii\web\Application->handleRequest(Object(yii\web\Request))
#16 C:\wamp64\www\zuntic_control_v1\backend\web\index.php(18): yii\base\Application->run()
#17 {main}
2021-11-10 13:43:17 [::1][2][o4pmi668enfgdqvuodshltid6e][info][application] $_GET = [
    'r' => 'gii/default/view'
    'id' => 'crud'
]

$_POST = [
    '_csrf-backend' => 'xhQx77g1zpwtvssLNPjwolR2XcaUrH11-aiEXOOH9p-lUH235wSq7ljMsT9Fu8jgGxAFhaT5FCe68f4O1d-g6Q=='
    'Generator' => [
        'modelClass' => 'backend\\models\\Estado'
        'searchModelClass' => 'backend\\models\\search\\EstadoSearch'
        'controllerClass' => 'backend\\controllers\\EstadoController'
        'viewPath' => ''
        'baseControllerClass' => 'yii\\web\\Controller'
        'indexWidgetType' => 'grid'
        'enableI18N' => '0'
        'enablePjax' => '0'
        'messageCategory' => 'app'
        'template' => 'default'
    ]
    'preview' => ''
]

$_FILES = []

$_COOKIE = [
    'advanced-frontend' => 'iv8onfdpjedvaovj1o43jv0au9'
    '_identity-frontend' => '2e7470d6c7e6ab5f644b3490e029ebb210b31ce6fb100ab1069489d7410485b5a:2:{i:0;s:18:\"_identity-frontend\";i:1;s:46:\"[2,\"trlZT7c4ME46ps5Qd7nZvB-e-1Mk_0ow\",2592000]\";}'
    '_csrf-frontend' => '7f80bfcfc11ea1452ec2f5174e0d27e2f4bbcd80ef763c8cc6db4e085e3c04a9a:2:{i:0;s:14:\"_csrf-frontend\";i:1;s:32:\"N8CfgkCwWG_U07QzvJcmWoMx87q-8jlW\";}'
    'advanced-backend' => 'o4pmi668enfgdqvuodshltid6e'
    '_identity-backend' => '823c6f3a5bc61751ff1ae9666d6d4590917a323e721e436eae1db8c2f8aa3ebba:2:{i:0;s:17:\"_identity-backend\";i:1;s:46:\"[2,\"trlZT7c4ME46ps5Qd7nZvB-e-1Mk_0ow\",2592000]\";}'
    '_csrf-backend' => '4c9de0eb66307275800ddb0f123e8199b0a7d28ac1d0e4d2b9e9b822a1ebe222a:2:{i:0;s:13:\"_csrf-backend\";i:1;s:32:\"cDLX_1drurz4qC8BOfXC0UiRCYzR6XVv\";}'
]

$_SESSION = [
    '__flash' => []
    '__returnUrl' => 'http://localhost:8080/zuntic_control_v1/backend/web/index.php'
    '__id' => 2
    '__authKey' => 'trlZT7c4ME46ps5Qd7nZvB-e-1Mk_0ow'
]

$_SERVER = [
    'HTTP_HOST' => 'localhost:8080'
    'HTTP_CONNECTION' => 'keep-alive'
    'CONTENT_LENGTH' => '554'
    'HTTP_CACHE_CONTROL' => 'max-age=0'
    'HTTP_SEC_CH_UA' => '\"Google Chrome\";v=\"95\", \"Chromium\";v=\"95\", \";Not A Brand\";v=\"99\"'
    'HTTP_SEC_CH_UA_MOBILE' => '?0'
    'HTTP_SEC_CH_UA_PLATFORM' => '\"Windows\"'
    'HTTP_UPGRADE_INSECURE_REQUESTS' => '1'
    'HTTP_ORIGIN' => 'http://localhost:8080'
    'CONTENT_TYPE' => 'application/x-www-form-urlencoded'
    'HTTP_USER_AGENT' => 'Mozilla/5.0 (Windows NT 10.0; Win64; x64) AppleWebKit/537.36 (KHTML, like Gecko) Chrome/95.0.4638.69 Safari/537.36'
    'HTTP_ACCEPT' => 'text/html,application/xhtml+xml,application/xml;q=0.9,image/avif,image/webp,image/apng,*/*;q=0.8,application/signed-exchange;v=b3;q=0.9'
    'HTTP_SEC_FETCH_SITE' => 'same-origin'
    'HTTP_SEC_FETCH_MODE' => 'navigate'
    'HTTP_SEC_FETCH_USER' => '?1'
    'HTTP_SEC_FETCH_DEST' => 'document'
    'HTTP_REFERER' => 'http://localhost:8080/zuntic_control_v1/backend/web/index.php?r=gii%2Fdefault%2Fview&id=crud'
    'HTTP_ACCEPT_ENCODING' => 'gzip, deflate, br'
    'HTTP_ACCEPT_LANGUAGE' => 'en-US,en;q=0.9,es-US;q=0.8,es;q=0.7'
    'HTTP_COOKIE' => 'advanced-frontend=iv8onfdpjedvaovj1o43jv0au9; _identity-frontend=2e7470d6c7e6ab5f644b3490e029ebb210b31ce6fb100ab1069489d7410485b5a%3A2%3A%7Bi%3A0%3Bs%3A18%3A%22_identity-frontend%22%3Bi%3A1%3Bs%3A46%3A%22%5B2%2C%22trlZT7c4ME46ps5Qd7nZvB-e-1Mk_0ow%22%2C2592000%5D%22%3B%7D; _csrf-frontend=7f80bfcfc11ea1452ec2f5174e0d27e2f4bbcd80ef763c8cc6db4e085e3c04a9a%3A2%3A%7Bi%3A0%3Bs%3A14%3A%22_csrf-frontend%22%3Bi%3A1%3Bs%3A32%3A%22N8CfgkCwWG_U07QzvJcmWoMx87q-8jlW%22%3B%7D; advanced-backend=o4pmi668enfgdqvuodshltid6e; _identity-backend=823c6f3a5bc61751ff1ae9666d6d4590917a323e721e436eae1db8c2f8aa3ebba%3A2%3A%7Bi%3A0%3Bs%3A17%3A%22_identity-backend%22%3Bi%3A1%3Bs%3A46%3A%22%5B2%2C%22trlZT7c4ME46ps5Qd7nZvB-e-1Mk_0ow%22%2C2592000%5D%22%3B%7D; _csrf-backend=4c9de0eb66307275800ddb0f123e8199b0a7d28ac1d0e4d2b9e9b822a1ebe222a%3A2%3A%7Bi%3A0%3Bs%3A13%3A%22_csrf-backend%22%3Bi%3A1%3Bs%3A32%3A%22cDLX_1drurz4qC8BOfXC0UiRCYzR6XVv%22%3B%7D'
    'PATH' => 'C:\\Program Files (x86)\\Common Files\\Oracle\\Java\\javapath;C:\\Windows\\system32;C:\\Windows;C:\\Windows\\System32\\Wbem;C:\\Windows\\System32\\WindowsPowerShell\\v1.0\\;C:\\Windows\\System32\\OpenSSH\\;C:\\Program Files\\nodejs\\;C:\\Program Files\\Git\\cmd;C:\\wamp64\\bin\\php\\php5.6.40;C:\\ProgramData\\ComposerSetup\\bin;C:\\Apache-Subversion\\bin;C:\\Program Files (x86)\\Microsoft SQL Server\\150\\Tools\\Binn\\;C:\\Program Files\\Microsoft SQL Server\\150\\Tools\\Binn\\;C:\\Program Files\\Microsoft SQL Server\\150\\DTS\\Binn\\;C:\\Program Files\\Microsoft SQL Server\\Client SDK\\ODBC\\170\\Tools\\Binn\\;C:\\Program Files\\Azure Data Studio\\bin;C:\\Program Files (x86)\\Microsoft SQL Server\\150\\DTS\\Binn\\;C:\\Windows\\system32\\config\\systemprofile\\AppData\\Local\\Microsoft\\WindowsApps'
    'SystemRoot' => 'C:\\Windows'
    'COMSPEC' => 'C:\\Windows\\system32\\cmd.exe'
    'PATHEXT' => '.COM;.EXE;.BAT;.CMD;.VBS;.VBE;.JS;.JSE;.WSF;.WSH;.MSC'
    'WINDIR' => 'C:\\Windows'
    'SERVER_SIGNATURE' => '<address>Apache/2.4.46 (Win64) PHP/7.3.21 Server at localhost Port 8080</address>
'
    'SERVER_SOFTWARE' => 'Apache/2.4.46 (Win64) PHP/7.3.21'
    'SERVER_NAME' => 'localhost'
    'SERVER_ADDR' => '::1'
    'SERVER_PORT' => '8080'
    'REMOTE_ADDR' => '::1'
    'DOCUMENT_ROOT' => 'C:/wamp64/www'
    'REQUEST_SCHEME' => 'http'
    'CONTEXT_PREFIX' => ''
    'CONTEXT_DOCUMENT_ROOT' => 'C:/wamp64/www'
    'SERVER_ADMIN' => 'wampserver@wampserver.invalid'
    'SCRIPT_FILENAME' => 'C:/wamp64/www/zuntic_control_v1/backend/web/index.php'
    'REMOTE_PORT' => '58455'
    'GATEWAY_INTERFACE' => 'CGI/1.1'
    'SERVER_PROTOCOL' => 'HTTP/1.1'
    'REQUEST_METHOD' => 'POST'
    'QUERY_STRING' => 'r=gii%2Fdefault%2Fview&id=crud'
    'REQUEST_URI' => '/zuntic_control_v1/backend/web/index.php?r=gii%2Fdefault%2Fview&id=crud'
    'SCRIPT_NAME' => '/zuntic_control_v1/backend/web/index.php'
    'PHP_SELF' => '/zuntic_control_v1/backend/web/index.php'
    'REQUEST_TIME_FLOAT' => 1636551797.0928
    'REQUEST_TIME' => 1636551797
]
2021-11-10 14:20:10 [127.0.0.1][3][-][warning][yii\log\Dispatcher::dispatch] Unable to send log via yii\debug\LogTarget: PHP Notice 'yii\base\ErrorException' with message 'unserialize(): Error at offset 0 of 35878 bytes' 

in C:\wamp64\www\Zuntic\zuntic_control_v1\vendor\opis\closure\functions.php:36

Stack trace:
#0 C:\wamp64\www\Zuntic\zuntic_control_v1\vendor\opis\closure\functions.php(36): yii\web\ErrorHandler->handleError()
#1 C:\wamp64\www\Zuntic\zuntic_control_v1\vendor\opis\closure\functions.php(36): ::unserialize()
#2 C:\wamp64\www\Zuntic\zuntic_control_v1\vendor\yiisoft\yii2-debug\src\LogTarget.php(105): ::Opis\Closure\unserialize()
#3 C:\wamp64\www\Zuntic\zuntic_control_v1\vendor\yiisoft\yii2-debug\src\LogTarget.php(80): yii\debug\LogTarget->updateIndexFile()
#4 C:\wamp64\www\Zuntic\zuntic_control_v1\vendor\yiisoft\yii2-debug\src\LogTarget.php(136): yii\debug\LogTarget->export()
#5 C:\wamp64\www\Zuntic\zuntic_control_v1\vendor\yiisoft\yii2\log\Dispatcher.php(191): yii\debug\LogTarget->collect()
#6 C:\wamp64\www\Zuntic\zuntic_control_v1\vendor\yiisoft\yii2\log\Logger.php(227): yii\log\Dispatcher->dispatch()
#7 {main}
2021-11-10 14:20:04 [127.0.0.1][3][-][info][application] $_GET = []

$_POST = []

$_FILES = []

$_COOKIE = [
    '_identity-backend' => 'd860f8f4c8bab2069edb62fe73f5e3661e472c3963b33701a31412919b37089da:2:{i:0;s:17:\"_identity-backend\";i:1;s:46:\"[3,\"M5dSTk9iHOWA5A5cHDC37VT0HD5pAJ_3\",2592000]\";}'
]

$_SESSION = [
    '__flash' => []
    '__id' => 3
    '__authKey' => 'M5dSTk9iHOWA5A5cHDC37VT0HD5pAJ_3'
]

$_SERVER = [
    'HTTP_HOST' => 'localhost'
    'HTTP_USER_AGENT' => 'Mozilla/5.0 (Windows NT 10.0; Win64; x64; rv:94.0) Gecko/20100101 Firefox/94.0'
    'HTTP_ACCEPT' => 'text/html,application/xhtml+xml,application/xml;q=0.9,image/avif,image/webp,*/*;q=0.8'
    'HTTP_ACCEPT_LANGUAGE' => 'es-MX,es;q=0.8,en-US;q=0.5,en;q=0.3'
    'HTTP_ACCEPT_ENCODING' => 'gzip, deflate'
    'HTTP_CONNECTION' => 'keep-alive'
    'HTTP_REFERER' => 'http://localhost/zuntic/zuntic_control_v1/backend/'
    'HTTP_COOKIE' => '_identity-backend=d860f8f4c8bab2069edb62fe73f5e3661e472c3963b33701a31412919b37089da%3A2%3A%7Bi%3A0%3Bs%3A17%3A%22_identity-backend%22%3Bi%3A1%3Bs%3A46%3A%22%5B3%2C%22M5dSTk9iHOWA5A5cHDC37VT0HD5pAJ_3%22%2C2592000%5D%22%3B%7D'
    'HTTP_UPGRADE_INSECURE_REQUESTS' => '1'
    'HTTP_SEC_FETCH_DEST' => 'document'
    'HTTP_SEC_FETCH_MODE' => 'navigate'
    'HTTP_SEC_FETCH_SITE' => 'same-origin'
    'HTTP_SEC_FETCH_USER' => '?1'
    'PATH' => 'C:\\Program Files\\Microsoft MPI\\Bin\\;C:\\Program Files\\Rockwell Software\\RSCommon;C:\\Program Files (x86)\\Common Files\\Oracle\\Java\\javapath;C:\\Windows\\system32;C:\\Windows;C:\\Windows\\System32\\Wbem;C:\\Windows\\System32\\WindowsPowerShell\\v1.0\\;C:\\Windows\\System32\\OpenSSH\\;C:\\Program Files (x86)\\dotnet\\;C:\\Program Files\\dotnet\\;C:\\Program Files (x86)\\Microsoft SQL Server\\130\\Tools\\Binn\\;C:\\Program Files\\Microsoft SQL Server\\130\\Tools\\Binn\\;C:\\Program Files (x86)\\Microsoft SQL Server\\130\\DTS\\Binn\\;C:\\Program Files\\Microsoft SQL Server\\130\\DTS\\Binn\\;C:\\Program Files\\Microsoft SQL Server\\Client SDK\\ODBC\\130\\Tools\\Binn\\;C:\\Program Files\\Microsoft SQL Server\\Client SDK\\ODBC\\170\\Tools\\Binn\\;C:\\Program Files (x86)\\Microsoft SQL Server\\150\\Tools\\Binn\\;C:\\Program Files\\Microsoft SQL Server\\150\\Tools\\Binn\\;C:\\Program Files\\Microsoft SQL Server\\150\\DTS\\Binn\\;C:\\Program Files (x86)\\Microsoft SQL Server\\150\\DTS\\Binn\\;C:\\Program Files\\Azure Data Studio\\bin;C:\\ProgramData\\ComposerSetup\\bin;C:\\wamp64\\bin\\php\\php7.4.9;C:\\Program Files\\MySQL\\MySQL Server 8.0\\bin;C:\\Apache_subversion\\bin;C:\\Program Files\\Git\\cmd;C:\\Windows\\system32\\config\\systemprofile\\AppData\\Local\\Microsoft\\WindowsApps'
    'SystemRoot' => 'C:\\Windows'
    'COMSPEC' => 'C:\\Windows\\system32\\cmd.exe'
    'PATHEXT' => '.COM;.EXE;.BAT;.CMD;.VBS;.VBE;.JS;.JSE;.WSF;.WSH;.MSC'
    'WINDIR' => 'C:\\Windows'
    'SERVER_SIGNATURE' => '<address>Apache/2.4.46 (Win64) PHP/7.3.21 Server at localhost Port 80</address>
'
    'SERVER_SOFTWARE' => 'Apache/2.4.46 (Win64) PHP/7.3.21'
    'SERVER_NAME' => 'localhost'
    'SERVER_ADDR' => '127.0.0.1'
    'SERVER_PORT' => '80'
    'REMOTE_ADDR' => '127.0.0.1'
    'DOCUMENT_ROOT' => 'C:/wamp64/www'
    'REQUEST_SCHEME' => 'http'
    'CONTEXT_PREFIX' => ''
    'CONTEXT_DOCUMENT_ROOT' => 'C:/wamp64/www'
    'SERVER_ADMIN' => 'wampserver@wampserver.invalid'
    'SCRIPT_FILENAME' => 'C:/wamp64/www/Zuntic/zuntic_control_v1/backend/web/index.php'
    'REMOTE_PORT' => '49757'
    'GATEWAY_INTERFACE' => 'CGI/1.1'
    'SERVER_PROTOCOL' => 'HTTP/1.1'
    'REQUEST_METHOD' => 'GET'
    'QUERY_STRING' => ''
    'REQUEST_URI' => '/zuntic/zuntic_control_v1/backend/web/'
    'SCRIPT_NAME' => '/zuntic/zuntic_control_v1/backend/web/index.php'
    'PHP_SELF' => '/zuntic/zuntic_control_v1/backend/web/index.php'
    'REQUEST_TIME_FLOAT' => 1636554003.9878
    'REQUEST_TIME' => 1636554003
]
2021-11-10 14:20:13 [127.0.0.1][3][-][warning][yii\log\Dispatcher::dispatch] Unable to send log via yii\debug\LogTarget: PHP Notice 'yii\base\ErrorException' with message 'unserialize(): Error at offset 0 of 35878 bytes' 

in C:\wamp64\www\Zuntic\zuntic_control_v1\vendor\opis\closure\functions.php:36

Stack trace:
#0 C:\wamp64\www\Zuntic\zuntic_control_v1\vendor\opis\closure\functions.php(36): yii\web\ErrorHandler->handleError()
#1 C:\wamp64\www\Zuntic\zuntic_control_v1\vendor\opis\closure\functions.php(36): ::unserialize()
#2 C:\wamp64\www\Zuntic\zuntic_control_v1\vendor\yiisoft\yii2-debug\src\LogTarget.php(105): ::Opis\Closure\unserialize()
#3 C:\wamp64\www\Zuntic\zuntic_control_v1\vendor\yiisoft\yii2-debug\src\LogTarget.php(80): yii\debug\LogTarget->updateIndexFile()
#4 C:\wamp64\www\Zuntic\zuntic_control_v1\vendor\yiisoft\yii2-debug\src\LogTarget.php(136): yii\debug\LogTarget->export()
#5 C:\wamp64\www\Zuntic\zuntic_control_v1\vendor\yiisoft\yii2\log\Dispatcher.php(191): yii\debug\LogTarget->collect()
#6 C:\wamp64\www\Zuntic\zuntic_control_v1\vendor\yiisoft\yii2\log\Logger.php(227): yii\log\Dispatcher->dispatch()
#7 {main}
2021-11-10 14:20:12 [127.0.0.1][3][-][info][application] $_GET = [
    'r' => 'site/index'
]

$_POST = []

$_FILES = []

$_COOKIE = [
    '_identity-backend' => 'd860f8f4c8bab2069edb62fe73f5e3661e472c3963b33701a31412919b37089da:2:{i:0;s:17:\"_identity-backend\";i:1;s:46:\"[3,\"M5dSTk9iHOWA5A5cHDC37VT0HD5pAJ_3\",2592000]\";}'
    'advanced-backend' => 'jrvlpk7783cb3isv9q8fu5upp5'
    '_csrf-backend' => '6fc76bed6c18add57d5753e463a301a18dae59738f02c422f777323c039273e4a:2:{i:0;s:13:\"_csrf-backend\";i:1;s:32:\"RUOVuV_AClY46tOHM31xDbhr0oN841ns\";}'
]

$_SESSION = [
    '__flash' => []
    '__id' => 3
    '__authKey' => 'M5dSTk9iHOWA5A5cHDC37VT0HD5pAJ_3'
]

$_SERVER = [
    'HTTP_HOST' => 'localhost'
    'HTTP_USER_AGENT' => 'Mozilla/5.0 (Windows NT 10.0; Win64; x64; rv:94.0) Gecko/20100101 Firefox/94.0'
    'HTTP_ACCEPT' => 'text/html,application/xhtml+xml,application/xml;q=0.9,image/avif,image/webp,*/*;q=0.8'
    'HTTP_ACCEPT_LANGUAGE' => 'es-MX,es;q=0.8,en-US;q=0.5,en;q=0.3'
    'HTTP_ACCEPT_ENCODING' => 'gzip, deflate'
    'HTTP_CONNECTION' => 'keep-alive'
    'HTTP_REFERER' => 'http://localhost/zuntic/zuntic_control_v1/backend/web/'
    'HTTP_COOKIE' => '_identity-backend=d860f8f4c8bab2069edb62fe73f5e3661e472c3963b33701a31412919b37089da%3A2%3A%7Bi%3A0%3Bs%3A17%3A%22_identity-backend%22%3Bi%3A1%3Bs%3A46%3A%22%5B3%2C%22M5dSTk9iHOWA5A5cHDC37VT0HD5pAJ_3%22%2C2592000%5D%22%3B%7D; advanced-backend=jrvlpk7783cb3isv9q8fu5upp5; _csrf-backend=6fc76bed6c18add57d5753e463a301a18dae59738f02c422f777323c039273e4a%3A2%3A%7Bi%3A0%3Bs%3A13%3A%22_csrf-backend%22%3Bi%3A1%3Bs%3A32%3A%22RUOVuV_AClY46tOHM31xDbhr0oN841ns%22%3B%7D'
    'HTTP_UPGRADE_INSECURE_REQUESTS' => '1'
    'HTTP_SEC_FETCH_DEST' => 'document'
    'HTTP_SEC_FETCH_MODE' => 'navigate'
    'HTTP_SEC_FETCH_SITE' => 'same-origin'
    'HTTP_SEC_FETCH_USER' => '?1'
    'PATH' => 'C:\\Program Files\\Microsoft MPI\\Bin\\;C:\\Program Files\\Rockwell Software\\RSCommon;C:\\Program Files (x86)\\Common Files\\Oracle\\Java\\javapath;C:\\Windows\\system32;C:\\Windows;C:\\Windows\\System32\\Wbem;C:\\Windows\\System32\\WindowsPowerShell\\v1.0\\;C:\\Windows\\System32\\OpenSSH\\;C:\\Program Files (x86)\\dotnet\\;C:\\Program Files\\dotnet\\;C:\\Program Files (x86)\\Microsoft SQL Server\\130\\Tools\\Binn\\;C:\\Program Files\\Microsoft SQL Server\\130\\Tools\\Binn\\;C:\\Program Files (x86)\\Microsoft SQL Server\\130\\DTS\\Binn\\;C:\\Program Files\\Microsoft SQL Server\\130\\DTS\\Binn\\;C:\\Program Files\\Microsoft SQL Server\\Client SDK\\ODBC\\130\\Tools\\Binn\\;C:\\Program Files\\Microsoft SQL Server\\Client SDK\\ODBC\\170\\Tools\\Binn\\;C:\\Program Files (x86)\\Microsoft SQL Server\\150\\Tools\\Binn\\;C:\\Program Files\\Microsoft SQL Server\\150\\Tools\\Binn\\;C:\\Program Files\\Microsoft SQL Server\\150\\DTS\\Binn\\;C:\\Program Files (x86)\\Microsoft SQL Server\\150\\DTS\\Binn\\;C:\\Program Files\\Azure Data Studio\\bin;C:\\ProgramData\\ComposerSetup\\bin;C:\\wamp64\\bin\\php\\php7.4.9;C:\\Program Files\\MySQL\\MySQL Server 8.0\\bin;C:\\Apache_subversion\\bin;C:\\Program Files\\Git\\cmd;C:\\Windows\\system32\\config\\systemprofile\\AppData\\Local\\Microsoft\\WindowsApps'
    'SystemRoot' => 'C:\\Windows'
    'COMSPEC' => 'C:\\Windows\\system32\\cmd.exe'
    'PATHEXT' => '.COM;.EXE;.BAT;.CMD;.VBS;.VBE;.JS;.JSE;.WSF;.WSH;.MSC'
    'WINDIR' => 'C:\\Windows'
    'SERVER_SIGNATURE' => '<address>Apache/2.4.46 (Win64) PHP/7.3.21 Server at localhost Port 80</address>
'
    'SERVER_SOFTWARE' => 'Apache/2.4.46 (Win64) PHP/7.3.21'
    'SERVER_NAME' => 'localhost'
    'SERVER_ADDR' => '127.0.0.1'
    'SERVER_PORT' => '80'
    'REMOTE_ADDR' => '127.0.0.1'
    'DOCUMENT_ROOT' => 'C:/wamp64/www'
    'REQUEST_SCHEME' => 'http'
    'CONTEXT_PREFIX' => ''
    'CONTEXT_DOCUMENT_ROOT' => 'C:/wamp64/www'
    'SERVER_ADMIN' => 'wampserver@wampserver.invalid'
    'SCRIPT_FILENAME' => 'C:/wamp64/www/Zuntic/zuntic_control_v1/backend/web/index.php'
    'REMOTE_PORT' => '49757'
    'GATEWAY_INTERFACE' => 'CGI/1.1'
    'SERVER_PROTOCOL' => 'HTTP/1.1'
    'REQUEST_METHOD' => 'GET'
    'QUERY_STRING' => 'r=site%2Findex'
    'REQUEST_URI' => '/zuntic/zuntic_control_v1/backend/web/index.php?r=site%2Findex'
    'SCRIPT_NAME' => '/zuntic/zuntic_control_v1/backend/web/index.php'
    'PHP_SELF' => '/zuntic/zuntic_control_v1/backend/web/index.php'
    'REQUEST_TIME_FLOAT' => 1636554012.8966
    'REQUEST_TIME' => 1636554012
]
2021-11-10 14:20:27 [127.0.0.1][3][-][warning][yii\log\Dispatcher::dispatch] Unable to send log via yii\debug\LogTarget: PHP Notice 'yii\base\ErrorException' with message 'unserialize(): Error at offset 0 of 35878 bytes' 

in C:\wamp64\www\Zuntic\zuntic_control_v1\vendor\opis\closure\functions.php:36

Stack trace:
#0 C:\wamp64\www\Zuntic\zuntic_control_v1\vendor\opis\closure\functions.php(36): yii\web\ErrorHandler->handleError()
#1 C:\wamp64\www\Zuntic\zuntic_control_v1\vendor\opis\closure\functions.php(36): ::unserialize()
#2 C:\wamp64\www\Zuntic\zuntic_control_v1\vendor\yiisoft\yii2-debug\src\LogTarget.php(105): ::Opis\Closure\unserialize()
#3 C:\wamp64\www\Zuntic\zuntic_control_v1\vendor\yiisoft\yii2-debug\src\LogTarget.php(80): yii\debug\LogTarget->updateIndexFile()
#4 C:\wamp64\www\Zuntic\zuntic_control_v1\vendor\yiisoft\yii2-debug\src\LogTarget.php(136): yii\debug\LogTarget->export()
#5 C:\wamp64\www\Zuntic\zuntic_control_v1\vendor\yiisoft\yii2\log\Dispatcher.php(191): yii\debug\LogTarget->collect()
#6 C:\wamp64\www\Zuntic\zuntic_control_v1\vendor\yiisoft\yii2\log\Logger.php(227): yii\log\Dispatcher->dispatch()
#7 {main}
2021-11-10 14:20:26 [127.0.0.1][3][-][info][application] $_GET = [
    'r' => 'cuenta/index'
]

$_POST = []

$_FILES = []

$_COOKIE = [
    '_identity-backend' => 'd860f8f4c8bab2069edb62fe73f5e3661e472c3963b33701a31412919b37089da:2:{i:0;s:17:\"_identity-backend\";i:1;s:46:\"[3,\"M5dSTk9iHOWA5A5cHDC37VT0HD5pAJ_3\",2592000]\";}'
    'advanced-backend' => 'jrvlpk7783cb3isv9q8fu5upp5'
    '_csrf-backend' => '6fc76bed6c18add57d5753e463a301a18dae59738f02c422f777323c039273e4a:2:{i:0;s:13:\"_csrf-backend\";i:1;s:32:\"RUOVuV_AClY46tOHM31xDbhr0oN841ns\";}'
]

$_SESSION = [
    '__flash' => []
    '__id' => 3
    '__authKey' => 'M5dSTk9iHOWA5A5cHDC37VT0HD5pAJ_3'
]

$_SERVER = [
    'HTTP_HOST' => 'localhost'
    'HTTP_USER_AGENT' => 'Mozilla/5.0 (Windows NT 10.0; Win64; x64; rv:94.0) Gecko/20100101 Firefox/94.0'
    'HTTP_ACCEPT' => 'text/html,application/xhtml+xml,application/xml;q=0.9,image/avif,image/webp,*/*;q=0.8'
    'HTTP_ACCEPT_LANGUAGE' => 'es-MX,es;q=0.8,en-US;q=0.5,en;q=0.3'
    'HTTP_ACCEPT_ENCODING' => 'gzip, deflate'
    'HTTP_CONNECTION' => 'keep-alive'
    'HTTP_COOKIE' => '_identity-backend=d860f8f4c8bab2069edb62fe73f5e3661e472c3963b33701a31412919b37089da%3A2%3A%7Bi%3A0%3Bs%3A17%3A%22_identity-backend%22%3Bi%3A1%3Bs%3A46%3A%22%5B3%2C%22M5dSTk9iHOWA5A5cHDC37VT0HD5pAJ_3%22%2C2592000%5D%22%3B%7D; advanced-backend=jrvlpk7783cb3isv9q8fu5upp5; _csrf-backend=6fc76bed6c18add57d5753e463a301a18dae59738f02c422f777323c039273e4a%3A2%3A%7Bi%3A0%3Bs%3A13%3A%22_csrf-backend%22%3Bi%3A1%3Bs%3A32%3A%22RUOVuV_AClY46tOHM31xDbhr0oN841ns%22%3B%7D'
    'HTTP_UPGRADE_INSECURE_REQUESTS' => '1'
    'HTTP_SEC_FETCH_DEST' => 'document'
    'HTTP_SEC_FETCH_MODE' => 'navigate'
    'HTTP_SEC_FETCH_SITE' => 'none'
    'HTTP_SEC_FETCH_USER' => '?1'
    'PATH' => 'C:\\Program Files\\Microsoft MPI\\Bin\\;C:\\Program Files\\Rockwell Software\\RSCommon;C:\\Program Files (x86)\\Common Files\\Oracle\\Java\\javapath;C:\\Windows\\system32;C:\\Windows;C:\\Windows\\System32\\Wbem;C:\\Windows\\System32\\WindowsPowerShell\\v1.0\\;C:\\Windows\\System32\\OpenSSH\\;C:\\Program Files (x86)\\dotnet\\;C:\\Program Files\\dotnet\\;C:\\Program Files (x86)\\Microsoft SQL Server\\130\\Tools\\Binn\\;C:\\Program Files\\Microsoft SQL Server\\130\\Tools\\Binn\\;C:\\Program Files (x86)\\Microsoft SQL Server\\130\\DTS\\Binn\\;C:\\Program Files\\Microsoft SQL Server\\130\\DTS\\Binn\\;C:\\Program Files\\Microsoft SQL Server\\Client SDK\\ODBC\\130\\Tools\\Binn\\;C:\\Program Files\\Microsoft SQL Server\\Client SDK\\ODBC\\170\\Tools\\Binn\\;C:\\Program Files (x86)\\Microsoft SQL Server\\150\\Tools\\Binn\\;C:\\Program Files\\Microsoft SQL Server\\150\\Tools\\Binn\\;C:\\Program Files\\Microsoft SQL Server\\150\\DTS\\Binn\\;C:\\Program Files (x86)\\Microsoft SQL Server\\150\\DTS\\Binn\\;C:\\Program Files\\Azure Data Studio\\bin;C:\\ProgramData\\ComposerSetup\\bin;C:\\wamp64\\bin\\php\\php7.4.9;C:\\Program Files\\MySQL\\MySQL Server 8.0\\bin;C:\\Apache_subversion\\bin;C:\\Program Files\\Git\\cmd;C:\\Windows\\system32\\config\\systemprofile\\AppData\\Local\\Microsoft\\WindowsApps'
    'SystemRoot' => 'C:\\Windows'
    'COMSPEC' => 'C:\\Windows\\system32\\cmd.exe'
    'PATHEXT' => '.COM;.EXE;.BAT;.CMD;.VBS;.VBE;.JS;.JSE;.WSF;.WSH;.MSC'
    'WINDIR' => 'C:\\Windows'
    'SERVER_SIGNATURE' => '<address>Apache/2.4.46 (Win64) PHP/7.3.21 Server at localhost Port 80</address>
'
    'SERVER_SOFTWARE' => 'Apache/2.4.46 (Win64) PHP/7.3.21'
    'SERVER_NAME' => 'localhost'
    'SERVER_ADDR' => '127.0.0.1'
    'SERVER_PORT' => '80'
    'REMOTE_ADDR' => '127.0.0.1'
    'DOCUMENT_ROOT' => 'C:/wamp64/www'
    'REQUEST_SCHEME' => 'http'
    'CONTEXT_PREFIX' => ''
    'CONTEXT_DOCUMENT_ROOT' => 'C:/wamp64/www'
    'SERVER_ADMIN' => 'wampserver@wampserver.invalid'
    'SCRIPT_FILENAME' => 'C:/wamp64/www/Zuntic/zuntic_control_v1/backend/web/index.php'
    'REMOTE_PORT' => '49798'
    'GATEWAY_INTERFACE' => 'CGI/1.1'
    'SERVER_PROTOCOL' => 'HTTP/1.1'
    'REQUEST_METHOD' => 'GET'
    'QUERY_STRING' => 'r=cuenta%2Findex'
    'REQUEST_URI' => '/zuntic/zuntic_control_v1/backend/web/index.php?r=cuenta%2Findex'
    'SCRIPT_NAME' => '/zuntic/zuntic_control_v1/backend/web/index.php'
    'PHP_SELF' => '/zuntic/zuntic_control_v1/backend/web/index.php'
    'REQUEST_TIME_FLOAT' => 1636554026.6723
    'REQUEST_TIME' => 1636554026
]
2021-11-10 14:20:51 [127.0.0.1][3][-][warning][yii\log\Dispatcher::dispatch] Unable to send log via yii\debug\LogTarget: PHP Notice 'yii\base\ErrorException' with message 'unserialize(): Error at offset 0 of 35878 bytes' 

in C:\wamp64\www\Zuntic\zuntic_control_v1\vendor\opis\closure\functions.php:36

Stack trace:
#0 C:\wamp64\www\Zuntic\zuntic_control_v1\vendor\opis\closure\functions.php(36): yii\web\ErrorHandler->handleError()
#1 C:\wamp64\www\Zuntic\zuntic_control_v1\vendor\opis\closure\functions.php(36): ::unserialize()
#2 C:\wamp64\www\Zuntic\zuntic_control_v1\vendor\yiisoft\yii2-debug\src\LogTarget.php(105): ::Opis\Closure\unserialize()
#3 C:\wamp64\www\Zuntic\zuntic_control_v1\vendor\yiisoft\yii2-debug\src\LogTarget.php(80): yii\debug\LogTarget->updateIndexFile()
#4 C:\wamp64\www\Zuntic\zuntic_control_v1\vendor\yiisoft\yii2-debug\src\LogTarget.php(136): yii\debug\LogTarget->export()
#5 C:\wamp64\www\Zuntic\zuntic_control_v1\vendor\yiisoft\yii2\log\Dispatcher.php(191): yii\debug\LogTarget->collect()
#6 C:\wamp64\www\Zuntic\zuntic_control_v1\vendor\yiisoft\yii2\log\Logger.php(227): yii\log\Dispatcher->dispatch()
#7 {main}
2021-11-10 14:20:51 [127.0.0.1][3][-][info][application] $_GET = [
    'r' => 'limpieza/index'
]

$_POST = []

$_FILES = []

$_COOKIE = [
    '_identity-backend' => 'd860f8f4c8bab2069edb62fe73f5e3661e472c3963b33701a31412919b37089da:2:{i:0;s:17:\"_identity-backend\";i:1;s:46:\"[3,\"M5dSTk9iHOWA5A5cHDC37VT0HD5pAJ_3\",2592000]\";}'
    'advanced-backend' => 'jrvlpk7783cb3isv9q8fu5upp5'
    '_csrf-backend' => '6fc76bed6c18add57d5753e463a301a18dae59738f02c422f777323c039273e4a:2:{i:0;s:13:\"_csrf-backend\";i:1;s:32:\"RUOVuV_AClY46tOHM31xDbhr0oN841ns\";}'
]

$_SESSION = [
    '__flash' => []
    '__id' => 3
    '__authKey' => 'M5dSTk9iHOWA5A5cHDC37VT0HD5pAJ_3'
]

$_SERVER = [
    'HTTP_HOST' => 'localhost'
    'HTTP_USER_AGENT' => 'Mozilla/5.0 (Windows NT 10.0; Win64; x64; rv:94.0) Gecko/20100101 Firefox/94.0'
    'HTTP_ACCEPT' => 'text/html,application/xhtml+xml,application/xml;q=0.9,image/avif,image/webp,*/*;q=0.8'
    'HTTP_ACCEPT_LANGUAGE' => 'es-MX,es;q=0.8,en-US;q=0.5,en;q=0.3'
    'HTTP_ACCEPT_ENCODING' => 'gzip, deflate'
    'HTTP_CONNECTION' => 'keep-alive'
    'HTTP_COOKIE' => '_identity-backend=d860f8f4c8bab2069edb62fe73f5e3661e472c3963b33701a31412919b37089da%3A2%3A%7Bi%3A0%3Bs%3A17%3A%22_identity-backend%22%3Bi%3A1%3Bs%3A46%3A%22%5B3%2C%22M5dSTk9iHOWA5A5cHDC37VT0HD5pAJ_3%22%2C2592000%5D%22%3B%7D; advanced-backend=jrvlpk7783cb3isv9q8fu5upp5; _csrf-backend=6fc76bed6c18add57d5753e463a301a18dae59738f02c422f777323c039273e4a%3A2%3A%7Bi%3A0%3Bs%3A13%3A%22_csrf-backend%22%3Bi%3A1%3Bs%3A32%3A%22RUOVuV_AClY46tOHM31xDbhr0oN841ns%22%3B%7D'
    'HTTP_UPGRADE_INSECURE_REQUESTS' => '1'
    'HTTP_SEC_FETCH_DEST' => 'document'
    'HTTP_SEC_FETCH_MODE' => 'navigate'
    'HTTP_SEC_FETCH_SITE' => 'none'
    'HTTP_SEC_FETCH_USER' => '?1'
    'PATH' => 'C:\\Program Files\\Microsoft MPI\\Bin\\;C:\\Program Files\\Rockwell Software\\RSCommon;C:\\Program Files (x86)\\Common Files\\Oracle\\Java\\javapath;C:\\Windows\\system32;C:\\Windows;C:\\Windows\\System32\\Wbem;C:\\Windows\\System32\\WindowsPowerShell\\v1.0\\;C:\\Windows\\System32\\OpenSSH\\;C:\\Program Files (x86)\\dotnet\\;C:\\Program Files\\dotnet\\;C:\\Program Files (x86)\\Microsoft SQL Server\\130\\Tools\\Binn\\;C:\\Program Files\\Microsoft SQL Server\\130\\Tools\\Binn\\;C:\\Program Files (x86)\\Microsoft SQL Server\\130\\DTS\\Binn\\;C:\\Program Files\\Microsoft SQL Server\\130\\DTS\\Binn\\;C:\\Program Files\\Microsoft SQL Server\\Client SDK\\ODBC\\130\\Tools\\Binn\\;C:\\Program Files\\Microsoft SQL Server\\Client SDK\\ODBC\\170\\Tools\\Binn\\;C:\\Program Files (x86)\\Microsoft SQL Server\\150\\Tools\\Binn\\;C:\\Program Files\\Microsoft SQL Server\\150\\Tools\\Binn\\;C:\\Program Files\\Microsoft SQL Server\\150\\DTS\\Binn\\;C:\\Program Files (x86)\\Microsoft SQL Server\\150\\DTS\\Binn\\;C:\\Program Files\\Azure Data Studio\\bin;C:\\ProgramData\\ComposerSetup\\bin;C:\\wamp64\\bin\\php\\php7.4.9;C:\\Program Files\\MySQL\\MySQL Server 8.0\\bin;C:\\Apache_subversion\\bin;C:\\Program Files\\Git\\cmd;C:\\Windows\\system32\\config\\systemprofile\\AppData\\Local\\Microsoft\\WindowsApps'
    'SystemRoot' => 'C:\\Windows'
    'COMSPEC' => 'C:\\Windows\\system32\\cmd.exe'
    'PATHEXT' => '.COM;.EXE;.BAT;.CMD;.VBS;.VBE;.JS;.JSE;.WSF;.WSH;.MSC'
    'WINDIR' => 'C:\\Windows'
    'SERVER_SIGNATURE' => '<address>Apache/2.4.46 (Win64) PHP/7.3.21 Server at localhost Port 80</address>
'
    'SERVER_SOFTWARE' => 'Apache/2.4.46 (Win64) PHP/7.3.21'
    'SERVER_NAME' => 'localhost'
    'SERVER_ADDR' => '127.0.0.1'
    'SERVER_PORT' => '80'
    'REMOTE_ADDR' => '127.0.0.1'
    'DOCUMENT_ROOT' => 'C:/wamp64/www'
    'REQUEST_SCHEME' => 'http'
    'CONTEXT_PREFIX' => ''
    'CONTEXT_DOCUMENT_ROOT' => 'C:/wamp64/www'
    'SERVER_ADMIN' => 'wampserver@wampserver.invalid'
    'SCRIPT_FILENAME' => 'C:/wamp64/www/Zuntic/zuntic_control_v1/backend/web/index.php'
    'REMOTE_PORT' => '49826'
    'GATEWAY_INTERFACE' => 'CGI/1.1'
    'SERVER_PROTOCOL' => 'HTTP/1.1'
    'REQUEST_METHOD' => 'GET'
    'QUERY_STRING' => 'r=limpieza%2Findex'
    'REQUEST_URI' => '/zuntic/zuntic_control_v1/backend/web/index.php?r=limpieza%2Findex'
    'SCRIPT_NAME' => '/zuntic/zuntic_control_v1/backend/web/index.php'
    'PHP_SELF' => '/zuntic/zuntic_control_v1/backend/web/index.php'
    'REQUEST_TIME_FLOAT' => 1636554051.5535
    'REQUEST_TIME' => 1636554051
]
2021-11-10 14:23:20 [127.0.0.1][3][-][warning][yii\log\Dispatcher::dispatch] Unable to send log via yii\debug\LogTarget: PHP Notice 'yii\base\ErrorException' with message 'unserialize(): Error at offset 0 of 35878 bytes' 

in C:\wamp64\www\Zuntic\zuntic_control_v1\vendor\opis\closure\functions.php:36

Stack trace:
#0 C:\wamp64\www\Zuntic\zuntic_control_v1\vendor\opis\closure\functions.php(36): yii\web\ErrorHandler->handleError()
#1 C:\wamp64\www\Zuntic\zuntic_control_v1\vendor\opis\closure\functions.php(36): ::unserialize()
#2 C:\wamp64\www\Zuntic\zuntic_control_v1\vendor\yiisoft\yii2-debug\src\LogTarget.php(105): ::Opis\Closure\unserialize()
#3 C:\wamp64\www\Zuntic\zuntic_control_v1\vendor\yiisoft\yii2-debug\src\LogTarget.php(80): yii\debug\LogTarget->updateIndexFile()
#4 C:\wamp64\www\Zuntic\zuntic_control_v1\vendor\yiisoft\yii2-debug\src\LogTarget.php(136): yii\debug\LogTarget->export()
#5 C:\wamp64\www\Zuntic\zuntic_control_v1\vendor\yiisoft\yii2\log\Dispatcher.php(191): yii\debug\LogTarget->collect()
#6 C:\wamp64\www\Zuntic\zuntic_control_v1\vendor\yiisoft\yii2\log\Logger.php(227): yii\log\Dispatcher->dispatch()
#7 {main}
2021-11-10 14:23:20 [127.0.0.1][3][-][info][application] $_GET = [
    'r' => 'limpieza'
]

$_POST = []

$_FILES = []

$_COOKIE = [
    '_identity-backend' => 'd860f8f4c8bab2069edb62fe73f5e3661e472c3963b33701a31412919b37089da:2:{i:0;s:17:\"_identity-backend\";i:1;s:46:\"[3,\"M5dSTk9iHOWA5A5cHDC37VT0HD5pAJ_3\",2592000]\";}'
    'advanced-backend' => 'jrvlpk7783cb3isv9q8fu5upp5'
    '_csrf-backend' => '6fc76bed6c18add57d5753e463a301a18dae59738f02c422f777323c039273e4a:2:{i:0;s:13:\"_csrf-backend\";i:1;s:32:\"RUOVuV_AClY46tOHM31xDbhr0oN841ns\";}'
]

$_SESSION = [
    '__flash' => []
    '__id' => 3
    '__authKey' => 'M5dSTk9iHOWA5A5cHDC37VT0HD5pAJ_3'
]

$_SERVER = [
    'HTTP_HOST' => 'localhost'
    'HTTP_USER_AGENT' => 'Mozilla/5.0 (Windows NT 10.0; Win64; x64; rv:94.0) Gecko/20100101 Firefox/94.0'
    'HTTP_ACCEPT' => 'text/html,application/xhtml+xml,application/xml;q=0.9,image/avif,image/webp,*/*;q=0.8'
    'HTTP_ACCEPT_LANGUAGE' => 'es-MX,es;q=0.8,en-US;q=0.5,en;q=0.3'
    'HTTP_ACCEPT_ENCODING' => 'gzip, deflate'
    'HTTP_CONNECTION' => 'keep-alive'
    'HTTP_COOKIE' => '_identity-backend=d860f8f4c8bab2069edb62fe73f5e3661e472c3963b33701a31412919b37089da%3A2%3A%7Bi%3A0%3Bs%3A17%3A%22_identity-backend%22%3Bi%3A1%3Bs%3A46%3A%22%5B3%2C%22M5dSTk9iHOWA5A5cHDC37VT0HD5pAJ_3%22%2C2592000%5D%22%3B%7D; advanced-backend=jrvlpk7783cb3isv9q8fu5upp5; _csrf-backend=6fc76bed6c18add57d5753e463a301a18dae59738f02c422f777323c039273e4a%3A2%3A%7Bi%3A0%3Bs%3A13%3A%22_csrf-backend%22%3Bi%3A1%3Bs%3A32%3A%22RUOVuV_AClY46tOHM31xDbhr0oN841ns%22%3B%7D'
    'HTTP_UPGRADE_INSECURE_REQUESTS' => '1'
    'HTTP_SEC_FETCH_DEST' => 'document'
    'HTTP_SEC_FETCH_MODE' => 'navigate'
    'HTTP_SEC_FETCH_SITE' => 'none'
    'HTTP_SEC_FETCH_USER' => '?1'
    'PATH' => 'C:\\Program Files\\Microsoft MPI\\Bin\\;C:\\Program Files\\Rockwell Software\\RSCommon;C:\\Program Files (x86)\\Common Files\\Oracle\\Java\\javapath;C:\\Windows\\system32;C:\\Windows;C:\\Windows\\System32\\Wbem;C:\\Windows\\System32\\WindowsPowerShell\\v1.0\\;C:\\Windows\\System32\\OpenSSH\\;C:\\Program Files (x86)\\dotnet\\;C:\\Program Files\\dotnet\\;C:\\Program Files (x86)\\Microsoft SQL Server\\130\\Tools\\Binn\\;C:\\Program Files\\Microsoft SQL Server\\130\\Tools\\Binn\\;C:\\Program Files (x86)\\Microsoft SQL Server\\130\\DTS\\Binn\\;C:\\Program Files\\Microsoft SQL Server\\130\\DTS\\Binn\\;C:\\Program Files\\Microsoft SQL Server\\Client SDK\\ODBC\\130\\Tools\\Binn\\;C:\\Program Files\\Microsoft SQL Server\\Client SDK\\ODBC\\170\\Tools\\Binn\\;C:\\Program Files (x86)\\Microsoft SQL Server\\150\\Tools\\Binn\\;C:\\Program Files\\Microsoft SQL Server\\150\\Tools\\Binn\\;C:\\Program Files\\Microsoft SQL Server\\150\\DTS\\Binn\\;C:\\Program Files (x86)\\Microsoft SQL Server\\150\\DTS\\Binn\\;C:\\Program Files\\Azure Data Studio\\bin;C:\\ProgramData\\ComposerSetup\\bin;C:\\wamp64\\bin\\php\\php7.4.9;C:\\Program Files\\MySQL\\MySQL Server 8.0\\bin;C:\\Apache_subversion\\bin;C:\\Program Files\\Git\\cmd;C:\\Windows\\system32\\config\\systemprofile\\AppData\\Local\\Microsoft\\WindowsApps'
    'SystemRoot' => 'C:\\Windows'
    'COMSPEC' => 'C:\\Windows\\system32\\cmd.exe'
    'PATHEXT' => '.COM;.EXE;.BAT;.CMD;.VBS;.VBE;.JS;.JSE;.WSF;.WSH;.MSC'
    'WINDIR' => 'C:\\Windows'
    'SERVER_SIGNATURE' => '<address>Apache/2.4.46 (Win64) PHP/7.3.21 Server at localhost Port 80</address>
'
    'SERVER_SOFTWARE' => 'Apache/2.4.46 (Win64) PHP/7.3.21'
    'SERVER_NAME' => 'localhost'
    'SERVER_ADDR' => '127.0.0.1'
    'SERVER_PORT' => '80'
    'REMOTE_ADDR' => '127.0.0.1'
    'DOCUMENT_ROOT' => 'C:/wamp64/www'
    'REQUEST_SCHEME' => 'http'
    'CONTEXT_PREFIX' => ''
    'CONTEXT_DOCUMENT_ROOT' => 'C:/wamp64/www'
    'SERVER_ADMIN' => 'wampserver@wampserver.invalid'
    'SCRIPT_FILENAME' => 'C:/wamp64/www/Zuntic/zuntic_control_v1/backend/web/index.php'
    'REMOTE_PORT' => '49907'
    'GATEWAY_INTERFACE' => 'CGI/1.1'
    'SERVER_PROTOCOL' => 'HTTP/1.1'
    'REQUEST_METHOD' => 'GET'
    'QUERY_STRING' => 'r=limpieza'
    'REQUEST_URI' => '/zuntic/zuntic_control_v1/backend/web/index.php?r=limpieza'
    'SCRIPT_NAME' => '/zuntic/zuntic_control_v1/backend/web/index.php'
    'PHP_SELF' => '/zuntic/zuntic_control_v1/backend/web/index.php'
    'REQUEST_TIME_FLOAT' => 1636554200.051
    'REQUEST_TIME' => 1636554200
]
2021-11-10 14:32:28 [127.0.0.1][3][-][warning][yii\log\Dispatcher::dispatch] Unable to send log via yii\debug\LogTarget: PHP Notice 'yii\base\ErrorException' with message 'unserialize(): Error at offset 0 of 35878 bytes' 

in C:\wamp64\www\Zuntic\zuntic_control_v1\vendor\opis\closure\functions.php:36

Stack trace:
#0 C:\wamp64\www\Zuntic\zuntic_control_v1\vendor\opis\closure\functions.php(36): yii\web\ErrorHandler->handleError()
#1 C:\wamp64\www\Zuntic\zuntic_control_v1\vendor\opis\closure\functions.php(36): ::unserialize()
#2 C:\wamp64\www\Zuntic\zuntic_control_v1\vendor\yiisoft\yii2-debug\src\LogTarget.php(105): ::Opis\Closure\unserialize()
#3 C:\wamp64\www\Zuntic\zuntic_control_v1\vendor\yiisoft\yii2-debug\src\LogTarget.php(80): yii\debug\LogTarget->updateIndexFile()
#4 C:\wamp64\www\Zuntic\zuntic_control_v1\vendor\yiisoft\yii2-debug\src\LogTarget.php(136): yii\debug\LogTarget->export()
#5 C:\wamp64\www\Zuntic\zuntic_control_v1\vendor\yiisoft\yii2\log\Dispatcher.php(191): yii\debug\LogTarget->collect()
#6 C:\wamp64\www\Zuntic\zuntic_control_v1\vendor\yiisoft\yii2\log\Logger.php(227): yii\log\Dispatcher->dispatch()
#7 {main}
2021-11-10 14:32:27 [127.0.0.1][3][-][info][application] $_GET = [
    'r' => 'site/index'
]

$_POST = []

$_FILES = []

$_COOKIE = [
    '_identity-backend' => 'd860f8f4c8bab2069edb62fe73f5e3661e472c3963b33701a31412919b37089da:2:{i:0;s:17:\"_identity-backend\";i:1;s:46:\"[3,\"M5dSTk9iHOWA5A5cHDC37VT0HD5pAJ_3\",2592000]\";}'
    'advanced-backend' => 'jrvlpk7783cb3isv9q8fu5upp5'
    '_csrf-backend' => '6fc76bed6c18add57d5753e463a301a18dae59738f02c422f777323c039273e4a:2:{i:0;s:13:\"_csrf-backend\";i:1;s:32:\"RUOVuV_AClY46tOHM31xDbhr0oN841ns\";}'
]

$_SESSION = [
    '__flash' => []
    '__id' => 3
    '__authKey' => 'M5dSTk9iHOWA5A5cHDC37VT0HD5pAJ_3'
]

$_SERVER = [
    'HTTP_HOST' => 'localhost'
    'HTTP_USER_AGENT' => 'Mozilla/5.0 (Windows NT 10.0; Win64; x64; rv:94.0) Gecko/20100101 Firefox/94.0'
    'HTTP_ACCEPT' => 'text/html,application/xhtml+xml,application/xml;q=0.9,image/avif,image/webp,*/*;q=0.8'
    'HTTP_ACCEPT_LANGUAGE' => 'es-MX,es;q=0.8,en-US;q=0.5,en;q=0.3'
    'HTTP_ACCEPT_ENCODING' => 'gzip, deflate'
    'HTTP_CONNECTION' => 'keep-alive'
    'HTTP_REFERER' => 'http://localhost/zuntic/zuntic_control_v1/backend/web/index.php?r=limpieza'
    'HTTP_COOKIE' => '_identity-backend=d860f8f4c8bab2069edb62fe73f5e3661e472c3963b33701a31412919b37089da%3A2%3A%7Bi%3A0%3Bs%3A17%3A%22_identity-backend%22%3Bi%3A1%3Bs%3A46%3A%22%5B3%2C%22M5dSTk9iHOWA5A5cHDC37VT0HD5pAJ_3%22%2C2592000%5D%22%3B%7D; advanced-backend=jrvlpk7783cb3isv9q8fu5upp5; _csrf-backend=6fc76bed6c18add57d5753e463a301a18dae59738f02c422f777323c039273e4a%3A2%3A%7Bi%3A0%3Bs%3A13%3A%22_csrf-backend%22%3Bi%3A1%3Bs%3A32%3A%22RUOVuV_AClY46tOHM31xDbhr0oN841ns%22%3B%7D'
    'HTTP_UPGRADE_INSECURE_REQUESTS' => '1'
    'HTTP_SEC_FETCH_DEST' => 'document'
    'HTTP_SEC_FETCH_MODE' => 'navigate'
    'HTTP_SEC_FETCH_SITE' => 'same-origin'
    'HTTP_SEC_FETCH_USER' => '?1'
    'PATH' => 'C:\\Program Files\\Microsoft MPI\\Bin\\;C:\\Program Files\\Rockwell Software\\RSCommon;C:\\Program Files (x86)\\Common Files\\Oracle\\Java\\javapath;C:\\Windows\\system32;C:\\Windows;C:\\Windows\\System32\\Wbem;C:\\Windows\\System32\\WindowsPowerShell\\v1.0\\;C:\\Windows\\System32\\OpenSSH\\;C:\\Program Files (x86)\\dotnet\\;C:\\Program Files\\dotnet\\;C:\\Program Files (x86)\\Microsoft SQL Server\\130\\Tools\\Binn\\;C:\\Program Files\\Microsoft SQL Server\\130\\Tools\\Binn\\;C:\\Program Files (x86)\\Microsoft SQL Server\\130\\DTS\\Binn\\;C:\\Program Files\\Microsoft SQL Server\\130\\DTS\\Binn\\;C:\\Program Files\\Microsoft SQL Server\\Client SDK\\ODBC\\130\\Tools\\Binn\\;C:\\Program Files\\Microsoft SQL Server\\Client SDK\\ODBC\\170\\Tools\\Binn\\;C:\\Program Files (x86)\\Microsoft SQL Server\\150\\Tools\\Binn\\;C:\\Program Files\\Microsoft SQL Server\\150\\Tools\\Binn\\;C:\\Program Files\\Microsoft SQL Server\\150\\DTS\\Binn\\;C:\\Program Files (x86)\\Microsoft SQL Server\\150\\DTS\\Binn\\;C:\\Program Files\\Azure Data Studio\\bin;C:\\ProgramData\\ComposerSetup\\bin;C:\\wamp64\\bin\\php\\php7.4.9;C:\\Program Files\\MySQL\\MySQL Server 8.0\\bin;C:\\Apache_subversion\\bin;C:\\Program Files\\Git\\cmd;C:\\Windows\\system32\\config\\systemprofile\\AppData\\Local\\Microsoft\\WindowsApps'
    'SystemRoot' => 'C:\\Windows'
    'COMSPEC' => 'C:\\Windows\\system32\\cmd.exe'
    'PATHEXT' => '.COM;.EXE;.BAT;.CMD;.VBS;.VBE;.JS;.JSE;.WSF;.WSH;.MSC'
    'WINDIR' => 'C:\\Windows'
    'SERVER_SIGNATURE' => '<address>Apache/2.4.46 (Win64) PHP/7.3.21 Server at localhost Port 80</address>
'
    'SERVER_SOFTWARE' => 'Apache/2.4.46 (Win64) PHP/7.3.21'
    'SERVER_NAME' => 'localhost'
    'SERVER_ADDR' => '127.0.0.1'
    'SERVER_PORT' => '80'
    'REMOTE_ADDR' => '127.0.0.1'
    'DOCUMENT_ROOT' => 'C:/wamp64/www'
    'REQUEST_SCHEME' => 'http'
    'CONTEXT_PREFIX' => ''
    'CONTEXT_DOCUMENT_ROOT' => 'C:/wamp64/www'
    'SERVER_ADMIN' => 'wampserver@wampserver.invalid'
    'SCRIPT_FILENAME' => 'C:/wamp64/www/Zuntic/zuntic_control_v1/backend/web/index.php'
    'REMOTE_PORT' => '50203'
    'GATEWAY_INTERFACE' => 'CGI/1.1'
    'SERVER_PROTOCOL' => 'HTTP/1.1'
    'REQUEST_METHOD' => 'GET'
    'QUERY_STRING' => 'r=site%2Findex'
    'REQUEST_URI' => '/zuntic/zuntic_control_v1/backend/web/index.php?r=site%2Findex'
    'SCRIPT_NAME' => '/zuntic/zuntic_control_v1/backend/web/index.php'
    'PHP_SELF' => '/zuntic/zuntic_control_v1/backend/web/index.php'
    'REQUEST_TIME_FLOAT' => 1636554747.8489
    'REQUEST_TIME' => 1636554747
]
