2021-10-12 23:00:54 [127.0.0.1][-][ab0a6vhc94c08gb5lr0l3a0hbo][error][yii\db\Exception] PDOException: SQLSTATE[HY000] [1049] Unknown database 'db_v1' in C:\xampp\htdocs\zuntic_control\vendor\yiisoft\yii2\db\Connection.php:723
Stack trace:
#0 C:\xampp\htdocs\zuntic_control\vendor\yiisoft\yii2\db\Connection.php(723): PDO->__construct('mysql:host=loca...', 'root', '', NULL)
#1 C:\xampp\htdocs\zuntic_control\vendor\yiisoft\yii2\db\Connection.php(638): yii\db\Connection->createPdoInstance()
#2 C:\xampp\htdocs\zuntic_control\vendor\yiisoft\yii2\db\Connection.php(1063): yii\db\Connection->open()
#3 C:\xampp\htdocs\zuntic_control\vendor\yiisoft\yii2\db\Connection.php(1050): yii\db\Connection->getMasterPdo()
#4 C:\xampp\htdocs\zuntic_control\vendor\yiisoft\yii2\db\mysql\QueryBuilder.php(406): yii\db\Connection->getSlavePdo()
#5 C:\xampp\htdocs\zuntic_control\vendor\yiisoft\yii2\db\mysql\QueryBuilder.php(430): yii\db\mysql\QueryBuilder->supportsFractionalSeconds()
#6 C:\xampp\htdocs\zuntic_control\vendor\yiisoft\yii2\db\mysql\QueryBuilder.php(59): yii\db\mysql\QueryBuilder->defaultTimeTypeMap()
#7 C:\xampp\htdocs\zuntic_control\vendor\yiisoft\yii2\base\BaseObject.php(109): yii\db\mysql\QueryBuilder->init()
#8 C:\xampp\htdocs\zuntic_control\vendor\yiisoft\yii2\db\QueryBuilder.php(116): yii\base\BaseObject->__construct(Array)
#9 C:\xampp\htdocs\zuntic_control\vendor\yiisoft\yii2\db\mysql\Schema.php(217): yii\db\QueryBuilder->__construct(Object(yii\db\Connection))
#10 C:\xampp\htdocs\zuntic_control\vendor\yiisoft\yii2\db\Schema.php(249): yii\db\mysql\Schema->createQueryBuilder()
#11 C:\xampp\htdocs\zuntic_control\vendor\yiisoft\yii2\db\Connection.php(880): yii\db\Schema->getQueryBuilder()
#12 C:\xampp\htdocs\zuntic_control\vendor\yiisoft\yii2\db\ActiveQuery.php(328): yii\db\Connection->getQueryBuilder()
#13 C:\xampp\htdocs\zuntic_control\vendor\yiisoft\yii2\db\Query.php(442): yii\db\ActiveQuery->createCommand(Object(yii\db\Connection))
#14 C:\xampp\htdocs\zuntic_control\vendor\yiisoft\yii2\validators\UniqueValidator.php(187): yii\db\Query->exists()
#15 C:\xampp\htdocs\zuntic_control\vendor\yiisoft\yii2\validators\UniqueValidator.php(145): yii\validators\UniqueValidator->modelExists('\\common\\models\\...', Array, Object(frontend\models\SignupForm))
#16 [internal function]: yii\validators\UniqueValidator->yii\validators\{closure}(Object(yii\db\Connection))
#17 C:\xampp\htdocs\zuntic_control\vendor\yiisoft\yii2\db\Connection.php(1126): call_user_func(Object(Closure), Object(yii\db\Connection))
#18 C:\xampp\htdocs\zuntic_control\vendor\yiisoft\yii2\validators\UniqueValidator.php(146): yii\db\Connection->useMaster(Object(Closure))
#19 C:\xampp\htdocs\zuntic_control\vendor\yiisoft\yii2\validators\Validator.php(261): yii\validators\UniqueValidator->validateAttribute(Object(frontend\models\SignupForm), 'username')
#20 C:\xampp\htdocs\zuntic_control\vendor\yiisoft\yii2\base\Model.php(368): yii\validators\Validator->validateAttributes(Object(frontend\models\SignupForm), Array)
#21 C:\xampp\htdocs\zuntic_control\frontend\models\SignupForm.php(48): yii\base\Model->validate()
#22 C:\xampp\htdocs\zuntic_control\frontend\controllers\SiteController.php(157): frontend\models\SignupForm->signup()
#23 [internal function]: frontend\controllers\SiteController->actionSignup()
#24 C:\xampp\htdocs\zuntic_control\vendor\yiisoft\yii2\base\InlineAction.php(57): call_user_func_array(Array, Array)
#25 C:\xampp\htdocs\zuntic_control\vendor\yiisoft\yii2\base\Controller.php(181): yii\base\InlineAction->runWithParams(Array)
#26 C:\xampp\htdocs\zuntic_control\vendor\yiisoft\yii2\base\Module.php(534): yii\base\Controller->runAction('signup', Array)
#27 C:\xampp\htdocs\zuntic_control\vendor\yiisoft\yii2\web\Application.php(104): yii\base\Module->runAction('site/signup', Array)
#28 C:\xampp\htdocs\zuntic_control\vendor\yiisoft\yii2\base\Application.php(392): yii\web\Application->handleRequest(Object(yii\web\Request))
#29 C:\xampp\htdocs\zuntic_control\frontend\web\index.php(18): yii\base\Application->run()
#30 {main}

Next yii\db\Exception: SQLSTATE[HY000] [1049] Unknown database 'db_v1' in C:\xampp\htdocs\zuntic_control\vendor\yiisoft\yii2\db\Connection.php:649
Stack trace:
#0 C:\xampp\htdocs\zuntic_control\vendor\yiisoft\yii2\db\Connection.php(1063): yii\db\Connection->open()
#1 C:\xampp\htdocs\zuntic_control\vendor\yiisoft\yii2\db\Connection.php(1050): yii\db\Connection->getMasterPdo()
#2 C:\xampp\htdocs\zuntic_control\vendor\yiisoft\yii2\db\mysql\QueryBuilder.php(406): yii\db\Connection->getSlavePdo()
#3 C:\xampp\htdocs\zuntic_control\vendor\yiisoft\yii2\db\mysql\QueryBuilder.php(430): yii\db\mysql\QueryBuilder->supportsFractionalSeconds()
#4 C:\xampp\htdocs\zuntic_control\vendor\yiisoft\yii2\db\mysql\QueryBuilder.php(59): yii\db\mysql\QueryBuilder->defaultTimeTypeMap()
#5 C:\xampp\htdocs\zuntic_control\vendor\yiisoft\yii2\base\BaseObject.php(109): yii\db\mysql\QueryBuilder->init()
#6 C:\xampp\htdocs\zuntic_control\vendor\yiisoft\yii2\db\QueryBuilder.php(116): yii\base\BaseObject->__construct(Array)
#7 C:\xampp\htdocs\zuntic_control\vendor\yiisoft\yii2\db\mysql\Schema.php(217): yii\db\QueryBuilder->__construct(Object(yii\db\Connection))
#8 C:\xampp\htdocs\zuntic_control\vendor\yiisoft\yii2\db\Schema.php(249): yii\db\mysql\Schema->createQueryBuilder()
#9 C:\xampp\htdocs\zuntic_control\vendor\yiisoft\yii2\db\Connection.php(880): yii\db\Schema->getQueryBuilder()
#10 C:\xampp\htdocs\zuntic_control\vendor\yiisoft\yii2\db\ActiveQuery.php(328): yii\db\Connection->getQueryBuilder()
#11 C:\xampp\htdocs\zuntic_control\vendor\yiisoft\yii2\db\Query.php(442): yii\db\ActiveQuery->createCommand(Object(yii\db\Connection))
#12 C:\xampp\htdocs\zuntic_control\vendor\yiisoft\yii2\validators\UniqueValidator.php(187): yii\db\Query->exists()
#13 C:\xampp\htdocs\zuntic_control\vendor\yiisoft\yii2\validators\UniqueValidator.php(145): yii\validators\UniqueValidator->modelExists('\\common\\models\\...', Array, Object(frontend\models\SignupForm))
#14 [internal function]: yii\validators\UniqueValidator->yii\validators\{closure}(Object(yii\db\Connection))
#15 C:\xampp\htdocs\zuntic_control\vendor\yiisoft\yii2\db\Connection.php(1126): call_user_func(Object(Closure), Object(yii\db\Connection))
#16 C:\xampp\htdocs\zuntic_control\vendor\yiisoft\yii2\validators\UniqueValidator.php(146): yii\db\Connection->useMaster(Object(Closure))
#17 C:\xampp\htdocs\zuntic_control\vendor\yiisoft\yii2\validators\Validator.php(261): yii\validators\UniqueValidator->validateAttribute(Object(frontend\models\SignupForm), 'username')
#18 C:\xampp\htdocs\zuntic_control\vendor\yiisoft\yii2\base\Model.php(368): yii\validators\Validator->validateAttributes(Object(frontend\models\SignupForm), Array)
#19 C:\xampp\htdocs\zuntic_control\frontend\models\SignupForm.php(48): yii\base\Model->validate()
#20 C:\xampp\htdocs\zuntic_control\frontend\controllers\SiteController.php(157): frontend\models\SignupForm->signup()
#21 [internal function]: frontend\controllers\SiteController->actionSignup()
#22 C:\xampp\htdocs\zuntic_control\vendor\yiisoft\yii2\base\InlineAction.php(57): call_user_func_array(Array, Array)
#23 C:\xampp\htdocs\zuntic_control\vendor\yiisoft\yii2\base\Controller.php(181): yii\base\InlineAction->runWithParams(Array)
#24 C:\xampp\htdocs\zuntic_control\vendor\yiisoft\yii2\base\Module.php(534): yii\base\Controller->runAction('signup', Array)
#25 C:\xampp\htdocs\zuntic_control\vendor\yiisoft\yii2\web\Application.php(104): yii\base\Module->runAction('site/signup', Array)
#26 C:\xampp\htdocs\zuntic_control\vendor\yiisoft\yii2\base\Application.php(392): yii\web\Application->handleRequest(Object(yii\web\Request))
#27 C:\xampp\htdocs\zuntic_control\frontend\web\index.php(18): yii\base\Application->run()
#28 {main}
Additional Information:

2021-10-12 23:00:54 [127.0.0.1][-][ab0a6vhc94c08gb5lr0l3a0hbo][info][application] $_GET = [
    'r' => 'site/signup'
]

$_POST = [
    '_csrf-frontend' => '97eiVUzraXtrSL7-2nQCJybPALND5qUnBBaujH-5jQ-SzZBnC5oCN1gM7JCxJVp-Q6gtyxGk70t-WJyhD-jGWw=='
    'SignupForm' => [
        'username' => 'cecilio'
        'email' => 'cecilio@gmail.com'
        'password' => '12345678'
    ]
    'signup-button' => ''
]

$_FILES = []

$_COOKIE = [
    'advanced-backend' => 'v4e5pvkvvh8j9jk1roetq3n6np'
    '_csrf-backend' => 'a247db434404d6dd0627d83bda948461f7856b149e79b3ea33521af5e93544b6a:2:{i:0;s:13:\"_csrf-backend\";i:1;s:32:\"XrZSpydrmQRYtJdWxwOlghct6UeauOjm\";}'
    'advanced-frontend' => 'ab0a6vhc94c08gb5lr0l3a0hbo'
    '_csrf-frontend' => '114e4d57987263395097c092566e73d2847b97cdcd028e99a7f95e09fd75b597a:2:{i:0;s:14:\"_csrf-frontend\";i:1;s:32:\"ez22GqkL3DRnkQXYeg-xRBJlzN2-pQKT\";}'
]

$_SESSION = [
    '__flash' => []
]

$_SERVER = [
    'MIBDIRS' => 'C:/xampp/php/extras/mibs'
    'MYSQL_HOME' => '\\xampp\\mysql\\bin'
    'OPENSSL_CONF' => 'C:/xampp/apache/bin/openssl.cnf'
    'PHP_PEAR_SYSCONF_DIR' => '\\xampp\\php'
    'PHPRC' => '\\xampp\\php'
    'TMP' => '\\xampp\\tmp'
    'HTTP_HOST' => 'localhost'
    'HTTP_USER_AGENT' => 'Mozilla/5.0 (Windows NT 10.0; Win64; x64; rv:93.0) Gecko/20100101 Firefox/93.0'
    'HTTP_ACCEPT' => 'text/html,application/xhtml+xml,application/xml;q=0.9,image/avif,image/webp,*/*;q=0.8'
    'HTTP_ACCEPT_LANGUAGE' => 'es-MX,es;q=0.8,en-US;q=0.5,en;q=0.3'
    'HTTP_ACCEPT_ENCODING' => 'gzip, deflate'
    'CONTENT_TYPE' => 'application/x-www-form-urlencoded'
    'CONTENT_LENGTH' => '231'
    'HTTP_ORIGIN' => 'http://localhost'
    'HTTP_CONNECTION' => 'keep-alive'
    'HTTP_REFERER' => 'http://localhost/zuntic_control/frontend/web/index.php?r=site%2Fsignup'
    'HTTP_COOKIE' => 'advanced-backend=v4e5pvkvvh8j9jk1roetq3n6np; _csrf-backend=a247db434404d6dd0627d83bda948461f7856b149e79b3ea33521af5e93544b6a%3A2%3A%7Bi%3A0%3Bs%3A13%3A%22_csrf-backend%22%3Bi%3A1%3Bs%3A32%3A%22XrZSpydrmQRYtJdWxwOlghct6UeauOjm%22%3B%7D; advanced-frontend=ab0a6vhc94c08gb5lr0l3a0hbo; _csrf-frontend=114e4d57987263395097c092566e73d2847b97cdcd028e99a7f95e09fd75b597a%3A2%3A%7Bi%3A0%3Bs%3A14%3A%22_csrf-frontend%22%3Bi%3A1%3Bs%3A32%3A%22ez22GqkL3DRnkQXYeg-xRBJlzN2-pQKT%22%3B%7D'
    'HTTP_UPGRADE_INSECURE_REQUESTS' => '1'
    'HTTP_SEC_FETCH_DEST' => 'document'
    'HTTP_SEC_FETCH_MODE' => 'navigate'
    'HTTP_SEC_FETCH_SITE' => 'same-origin'
    'HTTP_SEC_FETCH_USER' => '?1'
    'HTTP_SEC_GPC' => '1'
    'PATH' => 'C:\\Program Files\\AdoptOpenJDK\\jdk-11.0.11.9-hotspot\\bin;C:\\Program Files\\Rockwell Software\\RSCommon;C:\\Program Files (x86)\\Common Files\\NetSarang;C:\\ProgramData\\Oracle\\Java\\javapath;C:\\Program Files (x86)\\Intel\\Intel(R) Management Engine Components\\iCLS\\;C:\\Program Files\\Intel\\Intel(R) Management Engine Components\\iCLS\\;C:\\Windows\\System32;C:\\Windows;C:\\Windows\\System32\\wbem;C:\\Windows\\System32\\WindowsPowerShell\\v1.0\\;C:\\Program Files (x86)\\Intel\\Intel(R) Management Engine Components\\DAL;C:\\Program Files\\Intel\\Intel(R) Management Engine Components\\DAL;C:\\Program Files (x86)\\Intel\\Intel(R) Management Engine Components\\IPT;C:\\Program Files\\Intel\\Intel(R) Management Engine Components\\IPT;C:\\Windows\\System32\\OpenSSH\\;C:\\Program Files\\Java\\jdk1.8.0_111\\bin;C:\\Program Files\\TortoiseGit\\bin;C:\\Program Files\\Git\\cmd;C:\\Program Files (x86)\\GnuPG\\bin;C:\\Users\\cecilio\\anaconda3;C:\\Users\\cecilio\\AppData\\Local\\Microsoft\\WindowsApps;C:\\Program Files\\nodejs\\;C:\\wamp64\\bin\\mysql\\mysql5.7.31\\bin;C:\\xampp\\mysql\\bin;C:\\Program Files (x86)\\mingw-w64\\i686-8.1.0-posix-dwarf-rt_v6-rev0\\mingw32\\bin;C:\\Program Files\\dotnet\\;C:\\xampp\\php;C:\\Apache-svn\\bin;C:\\composer;C:\\Program Files (x86)\\Microsoft SQL Server\\150\\Tools\\Binn\\;C:\\Program Files\\Microsoft SQL Server\\150\\Tools\\Binn\\;C:\\Program Files (x86)\\Microsoft SQL Server\\150\\DTS\\Binn\\;C:\\Program Files\\Microsoft SQL Server\\150\\DTS\\Binn\\;C:\\Program Files\\Microsoft SQL Server\\Client SDK\\ODBC\\170\\Tools\\Binn\\;C:\\Program Files\\Azure Data Studio\\bin;C:\\WINDOWS\\system32\\config\\systemprofile\\AppData\\Local\\Microsoft\\WindowsApps'
    'SystemRoot' => 'C:\\WINDOWS'
    'COMSPEC' => 'C:\\WINDOWS\\system32\\cmd.exe'
    'PATHEXT' => '.COM;.EXE;.BAT;.CMD;.VBS;.VBE;.JS;.JSE;.WSF;.WSH;.MSC'
    'WINDIR' => 'C:\\WINDOWS'
    'SERVER_SIGNATURE' => '<address>Apache/2.4.41 (Win64) OpenSSL/1.1.1c PHP/7.4.4 Server at localhost Port 80</address>
'
    'SERVER_SOFTWARE' => 'Apache/2.4.41 (Win64) OpenSSL/1.1.1c PHP/7.4.4'
    'SERVER_NAME' => 'localhost'
    'SERVER_ADDR' => '127.0.0.1'
    'SERVER_PORT' => '80'
    'REMOTE_ADDR' => '127.0.0.1'
    'DOCUMENT_ROOT' => 'C:/xampp/htdocs'
    'REQUEST_SCHEME' => 'http'
    'CONTEXT_PREFIX' => ''
    'CONTEXT_DOCUMENT_ROOT' => 'C:/xampp/htdocs'
    'SERVER_ADMIN' => 'postmaster@localhost'
    'SCRIPT_FILENAME' => 'C:/xampp/htdocs/zuntic_control/frontend/web/index.php'
    'REMOTE_PORT' => '63481'
    'GATEWAY_INTERFACE' => 'CGI/1.1'
    'SERVER_PROTOCOL' => 'HTTP/1.1'
    'REQUEST_METHOD' => 'POST'
    'QUERY_STRING' => 'r=site%2Fsignup'
    'REQUEST_URI' => '/zuntic_control/frontend/web/index.php?r=site%2Fsignup'
    'SCRIPT_NAME' => '/zuntic_control/frontend/web/index.php'
    'PHP_SELF' => '/zuntic_control/frontend/web/index.php'
    'REQUEST_TIME_FLOAT' => 1634072454.866
    'REQUEST_TIME' => 1634072454
]
2021-11-10 05:12:46 [127.0.0.1][-][kaltol47vo6bdsaqd44m5o0dkt][error][yii\db\Exception] PDOException: SQLSTATE[HY000]: General error: 1364 Field 'id_rol' doesn't have a default value in C:\wamp64\www\Zuntic\zuntic_control_v1\vendor\yiisoft\yii2\db\Command.php:1302
Stack trace:
#0 C:\wamp64\www\Zuntic\zuntic_control_v1\vendor\yiisoft\yii2\db\Command.php(1302): PDOStatement->execute()
#1 C:\wamp64\www\Zuntic\zuntic_control_v1\vendor\yiisoft\yii2\db\Command.php(1102): yii\db\Command->internalExecute('INSERT INTO `us...')
#2 C:\wamp64\www\Zuntic\zuntic_control_v1\vendor\yiisoft\yii2\db\Schema.php(433): yii\db\Command->execute()
#3 C:\wamp64\www\Zuntic\zuntic_control_v1\vendor\yiisoft\yii2\db\ActiveRecord.php(600): yii\db\Schema->insert('{{%user}}', Array)
#4 C:\wamp64\www\Zuntic\zuntic_control_v1\vendor\yiisoft\yii2\db\ActiveRecord.php(566): yii\db\ActiveRecord->insertInternal(NULL)
#5 C:\wamp64\www\Zuntic\zuntic_control_v1\vendor\yiisoft\yii2\db\BaseActiveRecord.php(678): yii\db\ActiveRecord->insert(true, NULL)
#6 C:\wamp64\www\Zuntic\zuntic_control_v1\frontend\models\SignupForm.php(59): yii\db\BaseActiveRecord->save()
#7 C:\wamp64\www\Zuntic\zuntic_control_v1\frontend\controllers\SiteController.php(157): frontend\models\SignupForm->signup()
#8 [internal function]: frontend\controllers\SiteController->actionSignup()
#9 C:\wamp64\www\Zuntic\zuntic_control_v1\vendor\yiisoft\yii2\base\InlineAction.php(57): call_user_func_array(Array, Array)
#10 C:\wamp64\www\Zuntic\zuntic_control_v1\vendor\yiisoft\yii2\base\Controller.php(181): yii\base\InlineAction->runWithParams(Array)
#11 C:\wamp64\www\Zuntic\zuntic_control_v1\vendor\yiisoft\yii2\base\Module.php(534): yii\base\Controller->runAction('signup', Array)
#12 C:\wamp64\www\Zuntic\zuntic_control_v1\vendor\yiisoft\yii2\web\Application.php(104): yii\base\Module->runAction('site/signup', Array)
#13 C:\wamp64\www\Zuntic\zuntic_control_v1\vendor\yiisoft\yii2\base\Application.php(392): yii\web\Application->handleRequest(Object(yii\web\Request))
#14 C:\wamp64\www\Zuntic\zuntic_control_v1\frontend\web\index.php(18): yii\base\Application->run()
#15 {main}

Next yii\db\Exception: SQLSTATE[HY000]: General error: 1364 Field 'id_rol' doesn't have a default value
The SQL being executed was: INSERT INTO `user` (`username`, `email`, `password_hash`, `auth_key`, `verification_token`, `status`, `created_at`, `updated_at`) VALUES ('eduin.nahuat', 'eduin.nahuatnoh@gmail.com', '$2y$13$O.0MJBEErS5VUIWsBDIVEupkDFvmmlWJwRi5/Ywtvp11tsvSZNcuS', 'AQC0FB9LQeAqc7gQQm9USEsUz5PVLMnk', 'GC2mu26I5qZYftlrgZOKjd1AGYVMK4EX_1636521165', 9, 1636521165, 1636521165) in C:\wamp64\www\Zuntic\zuntic_control_v1\vendor\yiisoft\yii2\db\Schema.php:678
Stack trace:
#0 C:\wamp64\www\Zuntic\zuntic_control_v1\vendor\yiisoft\yii2\db\Command.php(1307): yii\db\Schema->convertException(Object(PDOException), 'INSERT INTO `us...')
#1 C:\wamp64\www\Zuntic\zuntic_control_v1\vendor\yiisoft\yii2\db\Command.php(1102): yii\db\Command->internalExecute('INSERT INTO `us...')
#2 C:\wamp64\www\Zuntic\zuntic_control_v1\vendor\yiisoft\yii2\db\Schema.php(433): yii\db\Command->execute()
#3 C:\wamp64\www\Zuntic\zuntic_control_v1\vendor\yiisoft\yii2\db\ActiveRecord.php(600): yii\db\Schema->insert('{{%user}}', Array)
#4 C:\wamp64\www\Zuntic\zuntic_control_v1\vendor\yiisoft\yii2\db\ActiveRecord.php(566): yii\db\ActiveRecord->insertInternal(NULL)
#5 C:\wamp64\www\Zuntic\zuntic_control_v1\vendor\yiisoft\yii2\db\BaseActiveRecord.php(678): yii\db\ActiveRecord->insert(true, NULL)
#6 C:\wamp64\www\Zuntic\zuntic_control_v1\frontend\models\SignupForm.php(59): yii\db\BaseActiveRecord->save()
#7 C:\wamp64\www\Zuntic\zuntic_control_v1\frontend\controllers\SiteController.php(157): frontend\models\SignupForm->signup()
#8 [internal function]: frontend\controllers\SiteController->actionSignup()
#9 C:\wamp64\www\Zuntic\zuntic_control_v1\vendor\yiisoft\yii2\base\InlineAction.php(57): call_user_func_array(Array, Array)
#10 C:\wamp64\www\Zuntic\zuntic_control_v1\vendor\yiisoft\yii2\base\Controller.php(181): yii\base\InlineAction->runWithParams(Array)
#11 C:\wamp64\www\Zuntic\zuntic_control_v1\vendor\yiisoft\yii2\base\Module.php(534): yii\base\Controller->runAction('signup', Array)
#12 C:\wamp64\www\Zuntic\zuntic_control_v1\vendor\yiisoft\yii2\web\Application.php(104): yii\base\Module->runAction('site/signup', Array)
#13 C:\wamp64\www\Zuntic\zuntic_control_v1\vendor\yiisoft\yii2\base\Application.php(392): yii\web\Application->handleRequest(Object(yii\web\Request))
#14 C:\wamp64\www\Zuntic\zuntic_control_v1\frontend\web\index.php(18): yii\base\Application->run()
#15 {main}
Additional Information:
Array
(
    [0] => HY000
    [1] => 1364
    [2] => Field 'id_rol' doesn't have a default value
)

2021-11-10 05:12:44 [127.0.0.1][-][kaltol47vo6bdsaqd44m5o0dkt][info][application] $_GET = [
    'r' => 'site/signup'
]

$_POST = [
    '_csrf-frontend' => 'XrB58PoD0Fy1K1sFLRmmP-qzr8Vju80QCgvAe99bIOcm1xiWr3CRMOdsYlp-IeRti9nh9ivykkM6M4ctvCpmsg=='
    'SignupForm' => [
        'username' => 'eduin.nahuat'
        'email' => 'eduin.nahuatnoh@gmail.com'
        'password' => 'joseeduin98'
    ]
    'signup-button' => ''
]

$_FILES = []

$_COOKIE = [
    '_identity-backend' => '0fe3ed6f6869211b2115a59dc637307dde2bfd79226dcb3426dd0ee8a95c78caa:2:{i:0;s:17:\"_identity-backend\";i:1;s:46:\"[4,\"M1fYTzS5wcpcZcJjCsoc5edB2-iV4wb1\",2592000]\";}'
    'advanced-backend' => 'qsl3gk2lc8h661lt0gntpl3nna'
    '_csrf-backend' => '8f38cc2e741894be99dd9d0a215c392129c3f0bd8bd750a5397f6722fd761a33a:2:{i:0;s:13:\"_csrf-backend\";i:1;s:32:\"UCne6ueII4WHJSDPXwAJ9aG7gv11bqSg\";}'
    'advanced-frontend' => 'kaltol47vo6bdsaqd44m5o0dkt'
    '_csrf-frontend' => '555ec8b52073f25a825cc246470fd40584c5de57a4e689d9f3fa5987f1b2edb3a:2:{i:0;s:14:\"_csrf-frontend\";i:1;s:32:\"xgafUsAlRG9_S8BRajN3HI_S08GVcqFU\";}'
]

$_SESSION = [
    '__flash' => []
]

$_SERVER = [
    'HTTP_HOST' => 'localhost'
    'HTTP_USER_AGENT' => 'Mozilla/5.0 (Windows NT 10.0; Win64; x64; rv:94.0) Gecko/20100101 Firefox/94.0'
    'HTTP_ACCEPT' => 'text/html,application/xhtml+xml,application/xml;q=0.9,image/avif,image/webp,*/*;q=0.8'
    'HTTP_ACCEPT_LANGUAGE' => 'es-MX,es;q=0.8,en-US;q=0.5,en;q=0.3'
    'HTTP_ACCEPT_ENCODING' => 'gzip, deflate'
    'CONTENT_TYPE' => 'application/x-www-form-urlencoded'
    'CONTENT_LENGTH' => '247'
    'HTTP_ORIGIN' => 'http://localhost'
    'HTTP_CONNECTION' => 'keep-alive'
    'HTTP_REFERER' => 'http://localhost/zuntic/zuntic_control_v1/frontend/web/index.php?r=site%2Fsignup'
    'HTTP_COOKIE' => '_identity-backend=0fe3ed6f6869211b2115a59dc637307dde2bfd79226dcb3426dd0ee8a95c78caa%3A2%3A%7Bi%3A0%3Bs%3A17%3A%22_identity-backend%22%3Bi%3A1%3Bs%3A46%3A%22%5B4%2C%22M1fYTzS5wcpcZcJjCsoc5edB2-iV4wb1%22%2C2592000%5D%22%3B%7D; advanced-backend=qsl3gk2lc8h661lt0gntpl3nna; _csrf-backend=8f38cc2e741894be99dd9d0a215c392129c3f0bd8bd750a5397f6722fd761a33a%3A2%3A%7Bi%3A0%3Bs%3A13%3A%22_csrf-backend%22%3Bi%3A1%3Bs%3A32%3A%22UCne6ueII4WHJSDPXwAJ9aG7gv11bqSg%22%3B%7D; advanced-frontend=kaltol47vo6bdsaqd44m5o0dkt; _csrf-frontend=555ec8b52073f25a825cc246470fd40584c5de57a4e689d9f3fa5987f1b2edb3a%3A2%3A%7Bi%3A0%3Bs%3A14%3A%22_csrf-frontend%22%3Bi%3A1%3Bs%3A32%3A%22xgafUsAlRG9_S8BRajN3HI_S08GVcqFU%22%3B%7D'
    'HTTP_UPGRADE_INSECURE_REQUESTS' => '1'
    'HTTP_SEC_FETCH_DEST' => 'document'
    'HTTP_SEC_FETCH_MODE' => 'navigate'
    'HTTP_SEC_FETCH_SITE' => 'same-origin'
    'HTTP_SEC_FETCH_USER' => '?1'
    'PATH' => 'C:\\Program Files\\Microsoft MPI\\Bin\\;C:\\Program Files\\Rockwell Software\\RSCommon;C:\\Program Files (x86)\\Common Files\\Oracle\\Java\\javapath;C:\\Windows\\system32;C:\\Windows;C:\\Windows\\System32\\Wbem;C:\\Windows\\System32\\WindowsPowerShell\\v1.0\\;C:\\Windows\\System32\\OpenSSH\\;C:\\Program Files (x86)\\dotnet\\;C:\\Program Files\\dotnet\\;C:\\Program Files (x86)\\Microsoft SQL Server\\130\\Tools\\Binn\\;C:\\Program Files\\Microsoft SQL Server\\130\\Tools\\Binn\\;C:\\Program Files (x86)\\Microsoft SQL Server\\130\\DTS\\Binn\\;C:\\Program Files\\Microsoft SQL Server\\130\\DTS\\Binn\\;C:\\Program Files\\Microsoft SQL Server\\Client SDK\\ODBC\\130\\Tools\\Binn\\;C:\\Program Files\\Microsoft SQL Server\\Client SDK\\ODBC\\170\\Tools\\Binn\\;C:\\Program Files (x86)\\Microsoft SQL Server\\150\\Tools\\Binn\\;C:\\Program Files\\Microsoft SQL Server\\150\\Tools\\Binn\\;C:\\Program Files\\Microsoft SQL Server\\150\\DTS\\Binn\\;C:\\Program Files (x86)\\Microsoft SQL Server\\150\\DTS\\Binn\\;C:\\Program Files\\Azure Data Studio\\bin;C:\\ProgramData\\ComposerSetup\\bin;C:\\wamp64\\bin\\php\\php7.4.9;C:\\Program Files\\MySQL\\MySQL Server 8.0\\bin;C:\\Apache_subversion\\bin;C:\\Program Files\\Git\\cmd;C:\\Windows\\system32\\config\\systemprofile\\AppData\\Local\\Microsoft\\WindowsApps'
    'SystemRoot' => 'C:\\Windows'
    'COMSPEC' => 'C:\\Windows\\system32\\cmd.exe'
    'PATHEXT' => '.COM;.EXE;.BAT;.CMD;.VBS;.VBE;.JS;.JSE;.WSF;.WSH;.MSC'
    'WINDIR' => 'C:\\Windows'
    'SERVER_SIGNATURE' => '<address>Apache/2.4.46 (Win64) PHP/7.3.21 Server at localhost Port 80</address>
'
    'SERVER_SOFTWARE' => 'Apache/2.4.46 (Win64) PHP/7.3.21'
    'SERVER_NAME' => 'localhost'
    'SERVER_ADDR' => '127.0.0.1'
    'SERVER_PORT' => '80'
    'REMOTE_ADDR' => '127.0.0.1'
    'DOCUMENT_ROOT' => 'C:/wamp64/www'
    'REQUEST_SCHEME' => 'http'
    'CONTEXT_PREFIX' => ''
    'CONTEXT_DOCUMENT_ROOT' => 'C:/wamp64/www'
    'SERVER_ADMIN' => 'wampserver@wampserver.invalid'
    'SCRIPT_FILENAME' => 'C:/wamp64/www/Zuntic/zuntic_control_v1/frontend/web/index.php'
    'REMOTE_PORT' => '59812'
    'GATEWAY_INTERFACE' => 'CGI/1.1'
    'SERVER_PROTOCOL' => 'HTTP/1.1'
    'REQUEST_METHOD' => 'POST'
    'QUERY_STRING' => 'r=site%2Fsignup'
    'REQUEST_URI' => '/zuntic/zuntic_control_v1/frontend/web/index.php?r=site%2Fsignup'
    'SCRIPT_NAME' => '/zuntic/zuntic_control_v1/frontend/web/index.php'
    'PHP_SELF' => '/zuntic/zuntic_control_v1/frontend/web/index.php'
    'REQUEST_TIME_FLOAT' => 1636521164.7848
    'REQUEST_TIME' => 1636521164
]
2021-11-10 05:16:57 [127.0.0.1][-][kaltol47vo6bdsaqd44m5o0dkt][error][yii\db\Exception] PDOException: SQLSTATE[HY000]: General error: 1364 Field 'id_rol' doesn't have a default value in C:\wamp64\www\Zuntic\zuntic_control_v1\vendor\yiisoft\yii2\db\Command.php:1302
Stack trace:
#0 C:\wamp64\www\Zuntic\zuntic_control_v1\vendor\yiisoft\yii2\db\Command.php(1302): PDOStatement->execute()
#1 C:\wamp64\www\Zuntic\zuntic_control_v1\vendor\yiisoft\yii2\db\Command.php(1102): yii\db\Command->internalExecute('INSERT INTO `us...')
#2 C:\wamp64\www\Zuntic\zuntic_control_v1\vendor\yiisoft\yii2\db\Schema.php(433): yii\db\Command->execute()
#3 C:\wamp64\www\Zuntic\zuntic_control_v1\vendor\yiisoft\yii2\db\ActiveRecord.php(600): yii\db\Schema->insert('{{%user}}', Array)
#4 C:\wamp64\www\Zuntic\zuntic_control_v1\vendor\yiisoft\yii2\db\ActiveRecord.php(566): yii\db\ActiveRecord->insertInternal(NULL)
#5 C:\wamp64\www\Zuntic\zuntic_control_v1\vendor\yiisoft\yii2\db\BaseActiveRecord.php(678): yii\db\ActiveRecord->insert(true, NULL)
#6 C:\wamp64\www\Zuntic\zuntic_control_v1\frontend\models\SignupForm.php(59): yii\db\BaseActiveRecord->save()
#7 C:\wamp64\www\Zuntic\zuntic_control_v1\frontend\controllers\SiteController.php(157): frontend\models\SignupForm->signup()
#8 [internal function]: frontend\controllers\SiteController->actionSignup()
#9 C:\wamp64\www\Zuntic\zuntic_control_v1\vendor\yiisoft\yii2\base\InlineAction.php(57): call_user_func_array(Array, Array)
#10 C:\wamp64\www\Zuntic\zuntic_control_v1\vendor\yiisoft\yii2\base\Controller.php(181): yii\base\InlineAction->runWithParams(Array)
#11 C:\wamp64\www\Zuntic\zuntic_control_v1\vendor\yiisoft\yii2\base\Module.php(534): yii\base\Controller->runAction('signup', Array)
#12 C:\wamp64\www\Zuntic\zuntic_control_v1\vendor\yiisoft\yii2\web\Application.php(104): yii\base\Module->runAction('site/signup', Array)
#13 C:\wamp64\www\Zuntic\zuntic_control_v1\vendor\yiisoft\yii2\base\Application.php(392): yii\web\Application->handleRequest(Object(yii\web\Request))
#14 C:\wamp64\www\Zuntic\zuntic_control_v1\frontend\web\index.php(18): yii\base\Application->run()
#15 {main}

Next yii\db\Exception: SQLSTATE[HY000]: General error: 1364 Field 'id_rol' doesn't have a default value
The SQL being executed was: INSERT INTO `user` (`username`, `email`, `password_hash`, `auth_key`, `verification_token`, `status`, `created_at`, `updated_at`) VALUES ('jose.nahuat', 'jose.nahuatnoh@gmail.com', '$2y$13$L69nUHt0opyXJrR6CSuZPOiJ7RdPxbgx8AekV4o2JLXNZxYWowGdG', '8r9uggG79HTb7Xh2eebDzcdrBJKac5D3', 'BaCTW6acgP2pMgUOGMiG-tYutlKKctn2_1636521417', 9, 1636521417, 1636521417) in C:\wamp64\www\Zuntic\zuntic_control_v1\vendor\yiisoft\yii2\db\Schema.php:678
Stack trace:
#0 C:\wamp64\www\Zuntic\zuntic_control_v1\vendor\yiisoft\yii2\db\Command.php(1307): yii\db\Schema->convertException(Object(PDOException), 'INSERT INTO `us...')
#1 C:\wamp64\www\Zuntic\zuntic_control_v1\vendor\yiisoft\yii2\db\Command.php(1102): yii\db\Command->internalExecute('INSERT INTO `us...')
#2 C:\wamp64\www\Zuntic\zuntic_control_v1\vendor\yiisoft\yii2\db\Schema.php(433): yii\db\Command->execute()
#3 C:\wamp64\www\Zuntic\zuntic_control_v1\vendor\yiisoft\yii2\db\ActiveRecord.php(600): yii\db\Schema->insert('{{%user}}', Array)
#4 C:\wamp64\www\Zuntic\zuntic_control_v1\vendor\yiisoft\yii2\db\ActiveRecord.php(566): yii\db\ActiveRecord->insertInternal(NULL)
#5 C:\wamp64\www\Zuntic\zuntic_control_v1\vendor\yiisoft\yii2\db\BaseActiveRecord.php(678): yii\db\ActiveRecord->insert(true, NULL)
#6 C:\wamp64\www\Zuntic\zuntic_control_v1\frontend\models\SignupForm.php(59): yii\db\BaseActiveRecord->save()
#7 C:\wamp64\www\Zuntic\zuntic_control_v1\frontend\controllers\SiteController.php(157): frontend\models\SignupForm->signup()
#8 [internal function]: frontend\controllers\SiteController->actionSignup()
#9 C:\wamp64\www\Zuntic\zuntic_control_v1\vendor\yiisoft\yii2\base\InlineAction.php(57): call_user_func_array(Array, Array)
#10 C:\wamp64\www\Zuntic\zuntic_control_v1\vendor\yiisoft\yii2\base\Controller.php(181): yii\base\InlineAction->runWithParams(Array)
#11 C:\wamp64\www\Zuntic\zuntic_control_v1\vendor\yiisoft\yii2\base\Module.php(534): yii\base\Controller->runAction('signup', Array)
#12 C:\wamp64\www\Zuntic\zuntic_control_v1\vendor\yiisoft\yii2\web\Application.php(104): yii\base\Module->runAction('site/signup', Array)
#13 C:\wamp64\www\Zuntic\zuntic_control_v1\vendor\yiisoft\yii2\base\Application.php(392): yii\web\Application->handleRequest(Object(yii\web\Request))
#14 C:\wamp64\www\Zuntic\zuntic_control_v1\frontend\web\index.php(18): yii\base\Application->run()
#15 {main}
Additional Information:
Array
(
    [0] => HY000
    [1] => 1364
    [2] => Field 'id_rol' doesn't have a default value
)

2021-11-10 05:16:56 [127.0.0.1][-][kaltol47vo6bdsaqd44m5o0dkt][info][application] $_GET = [
    'r' => 'site/signup'
]

$_POST = [
    '_csrf-frontend' => '7PkvL6yl6icPx-9iOSQ85KknnvArS-gpcjnF6_BJu-6Unk5J-darS12A1j1qHH62yE3Qw2MCt3pCAYK9kzj9uw=='
    'SignupForm' => [
        'username' => 'jose.nahuat'
        'email' => 'jose.nahuatnoh@gmail.com'
        'password' => 'joseeduin98'
    ]
    'signup-button' => ''
]

$_FILES = []

$_COOKIE = [
    '_identity-backend' => '0fe3ed6f6869211b2115a59dc637307dde2bfd79226dcb3426dd0ee8a95c78caa:2:{i:0;s:17:\"_identity-backend\";i:1;s:46:\"[4,\"M1fYTzS5wcpcZcJjCsoc5edB2-iV4wb1\",2592000]\";}'
    'advanced-backend' => 'qsl3gk2lc8h661lt0gntpl3nna'
    '_csrf-backend' => '8f38cc2e741894be99dd9d0a215c392129c3f0bd8bd750a5397f6722fd761a33a:2:{i:0;s:13:\"_csrf-backend\";i:1;s:32:\"UCne6ueII4WHJSDPXwAJ9aG7gv11bqSg\";}'
    'advanced-frontend' => 'kaltol47vo6bdsaqd44m5o0dkt'
    '_csrf-frontend' => '555ec8b52073f25a825cc246470fd40584c5de57a4e689d9f3fa5987f1b2edb3a:2:{i:0;s:14:\"_csrf-frontend\";i:1;s:32:\"xgafUsAlRG9_S8BRajN3HI_S08GVcqFU\";}'
]

$_SESSION = [
    '__flash' => []
]

$_SERVER = [
    'HTTP_HOST' => 'localhost'
    'HTTP_USER_AGENT' => 'Mozilla/5.0 (Windows NT 10.0; Win64; x64; rv:94.0) Gecko/20100101 Firefox/94.0'
    'HTTP_ACCEPT' => 'text/html,application/xhtml+xml,application/xml;q=0.9,image/avif,image/webp,*/*;q=0.8'
    'HTTP_ACCEPT_LANGUAGE' => 'es-MX,es;q=0.8,en-US;q=0.5,en;q=0.3'
    'HTTP_ACCEPT_ENCODING' => 'gzip, deflate'
    'CONTENT_TYPE' => 'application/x-www-form-urlencoded'
    'CONTENT_LENGTH' => '245'
    'HTTP_ORIGIN' => 'http://localhost'
    'HTTP_CONNECTION' => 'keep-alive'
    'HTTP_REFERER' => 'http://localhost/zuntic/zuntic_control_v1/frontend/web/index.php?r=site%2Fsignup'
    'HTTP_COOKIE' => '_identity-backend=0fe3ed6f6869211b2115a59dc637307dde2bfd79226dcb3426dd0ee8a95c78caa%3A2%3A%7Bi%3A0%3Bs%3A17%3A%22_identity-backend%22%3Bi%3A1%3Bs%3A46%3A%22%5B4%2C%22M1fYTzS5wcpcZcJjCsoc5edB2-iV4wb1%22%2C2592000%5D%22%3B%7D; advanced-backend=qsl3gk2lc8h661lt0gntpl3nna; _csrf-backend=8f38cc2e741894be99dd9d0a215c392129c3f0bd8bd750a5397f6722fd761a33a%3A2%3A%7Bi%3A0%3Bs%3A13%3A%22_csrf-backend%22%3Bi%3A1%3Bs%3A32%3A%22UCne6ueII4WHJSDPXwAJ9aG7gv11bqSg%22%3B%7D; advanced-frontend=kaltol47vo6bdsaqd44m5o0dkt; _csrf-frontend=555ec8b52073f25a825cc246470fd40584c5de57a4e689d9f3fa5987f1b2edb3a%3A2%3A%7Bi%3A0%3Bs%3A14%3A%22_csrf-frontend%22%3Bi%3A1%3Bs%3A32%3A%22xgafUsAlRG9_S8BRajN3HI_S08GVcqFU%22%3B%7D'
    'HTTP_UPGRADE_INSECURE_REQUESTS' => '1'
    'HTTP_SEC_FETCH_DEST' => 'document'
    'HTTP_SEC_FETCH_MODE' => 'navigate'
    'HTTP_SEC_FETCH_SITE' => 'same-origin'
    'HTTP_SEC_FETCH_USER' => '?1'
    'PATH' => 'C:\\Program Files\\Microsoft MPI\\Bin\\;C:\\Program Files\\Rockwell Software\\RSCommon;C:\\Program Files (x86)\\Common Files\\Oracle\\Java\\javapath;C:\\Windows\\system32;C:\\Windows;C:\\Windows\\System32\\Wbem;C:\\Windows\\System32\\WindowsPowerShell\\v1.0\\;C:\\Windows\\System32\\OpenSSH\\;C:\\Program Files (x86)\\dotnet\\;C:\\Program Files\\dotnet\\;C:\\Program Files (x86)\\Microsoft SQL Server\\130\\Tools\\Binn\\;C:\\Program Files\\Microsoft SQL Server\\130\\Tools\\Binn\\;C:\\Program Files (x86)\\Microsoft SQL Server\\130\\DTS\\Binn\\;C:\\Program Files\\Microsoft SQL Server\\130\\DTS\\Binn\\;C:\\Program Files\\Microsoft SQL Server\\Client SDK\\ODBC\\130\\Tools\\Binn\\;C:\\Program Files\\Microsoft SQL Server\\Client SDK\\ODBC\\170\\Tools\\Binn\\;C:\\Program Files (x86)\\Microsoft SQL Server\\150\\Tools\\Binn\\;C:\\Program Files\\Microsoft SQL Server\\150\\Tools\\Binn\\;C:\\Program Files\\Microsoft SQL Server\\150\\DTS\\Binn\\;C:\\Program Files (x86)\\Microsoft SQL Server\\150\\DTS\\Binn\\;C:\\Program Files\\Azure Data Studio\\bin;C:\\ProgramData\\ComposerSetup\\bin;C:\\wamp64\\bin\\php\\php7.4.9;C:\\Program Files\\MySQL\\MySQL Server 8.0\\bin;C:\\Apache_subversion\\bin;C:\\Program Files\\Git\\cmd;C:\\Windows\\system32\\config\\systemprofile\\AppData\\Local\\Microsoft\\WindowsApps'
    'SystemRoot' => 'C:\\Windows'
    'COMSPEC' => 'C:\\Windows\\system32\\cmd.exe'
    'PATHEXT' => '.COM;.EXE;.BAT;.CMD;.VBS;.VBE;.JS;.JSE;.WSF;.WSH;.MSC'
    'WINDIR' => 'C:\\Windows'
    'SERVER_SIGNATURE' => '<address>Apache/2.4.46 (Win64) PHP/7.3.21 Server at localhost Port 80</address>
'
    'SERVER_SOFTWARE' => 'Apache/2.4.46 (Win64) PHP/7.3.21'
    'SERVER_NAME' => 'localhost'
    'SERVER_ADDR' => '127.0.0.1'
    'SERVER_PORT' => '80'
    'REMOTE_ADDR' => '127.0.0.1'
    'DOCUMENT_ROOT' => 'C:/wamp64/www'
    'REQUEST_SCHEME' => 'http'
    'CONTEXT_PREFIX' => ''
    'CONTEXT_DOCUMENT_ROOT' => 'C:/wamp64/www'
    'SERVER_ADMIN' => 'wampserver@wampserver.invalid'
    'SCRIPT_FILENAME' => 'C:/wamp64/www/Zuntic/zuntic_control_v1/frontend/web/index.php'
    'REMOTE_PORT' => '59866'
    'GATEWAY_INTERFACE' => 'CGI/1.1'
    'SERVER_PROTOCOL' => 'HTTP/1.1'
    'REQUEST_METHOD' => 'POST'
    'QUERY_STRING' => 'r=site%2Fsignup'
    'REQUEST_URI' => '/zuntic/zuntic_control_v1/frontend/web/index.php?r=site%2Fsignup'
    'SCRIPT_NAME' => '/zuntic/zuntic_control_v1/frontend/web/index.php'
    'PHP_SELF' => '/zuntic/zuntic_control_v1/frontend/web/index.php'
    'REQUEST_TIME_FLOAT' => 1636521416.5124
    'REQUEST_TIME' => 1636521416
]
2021-11-10 14:20:47 [::1][-][fsan8h2fhbtj93muvkt1el6uu4][error][yii\base\UnknownPropertyException] yii\base\UnknownPropertyException: Setting unknown property: common\models\User::id_rol in C:\wamp64\www\zuntic_control_v1\vendor\yiisoft\yii2\base\Component.php:210
Stack trace:
#0 C:\wamp64\www\zuntic_control_v1\vendor\yiisoft\yii2\db\BaseActiveRecord.php(324): yii\base\Component->__set('id_rol', 0)
#1 C:\wamp64\www\zuntic_control_v1\frontend\models\SignupForm.php(58): yii\db\BaseActiveRecord->__set('id_rol', 0)
#2 C:\wamp64\www\zuntic_control_v1\frontend\controllers\SiteController.php(157): frontend\models\SignupForm->signup()
#3 [internal function]: frontend\controllers\SiteController->actionSignup()
#4 C:\wamp64\www\zuntic_control_v1\vendor\yiisoft\yii2\base\InlineAction.php(57): call_user_func_array(Array, Array)
#5 C:\wamp64\www\zuntic_control_v1\vendor\yiisoft\yii2\base\Controller.php(181): yii\base\InlineAction->runWithParams(Array)
#6 C:\wamp64\www\zuntic_control_v1\vendor\yiisoft\yii2\base\Module.php(534): yii\base\Controller->runAction('signup', Array)
#7 C:\wamp64\www\zuntic_control_v1\vendor\yiisoft\yii2\web\Application.php(104): yii\base\Module->runAction('site/signup', Array)
#8 C:\wamp64\www\zuntic_control_v1\vendor\yiisoft\yii2\base\Application.php(392): yii\web\Application->handleRequest(Object(yii\web\Request))
#9 C:\wamp64\www\zuntic_control_v1\frontend\web\index.php(18): yii\base\Application->run()
#10 {main}
2021-11-10 14:20:45 [::1][-][fsan8h2fhbtj93muvkt1el6uu4][info][application] $_GET = [
    'r' => 'site/signup'
]

$_POST = [
    '_csrf-frontend' => '4W0fTeB1_FBrpNuvEte6unmZB25nGMzH64reuvxlYNC0HSw-zTGGGSHSiYJjv_fWVNxAGxdgia7Z-L3gpB0OpQ=='
    'SignupForm' => [
        'username' => 'Darwin'
        'email' => 'darwin@gmail.com'
        'password' => 'darwincocom'
    ]
    'signup-button' => ''
]

$_FILES = []

$_COOKIE = [
    'Webstorm-1924e008' => 'b6cdbc41-c5cb-4d80-a337-faf1458f4192'
    '_identity-backend' => 'cd98e620bd90fbd522a3e59be768f74c0410abe0d6adae8d4785813b11b7dcbfa:2:{i:0;s:17:\"_identity-backend\";i:1;s:46:\"[6,\"JD3av8cEbK-f-tT5TiEAMTo2k4HAs9xc\",2592000]\";}'
    '_identity-frontend' => '0ff838a7ad245788d62939471980f83ed4bd2f20d586c4efeea9db59519e7a09a:2:{i:0;s:18:\"_identity-frontend\";i:1;s:46:\"[6,\"JD3av8cEbK-f-tT5TiEAMTo2k4HAs9xc\",2592000]\";}'
    'advanced-backend' => '6ap1gi06dr44ttsnm1fso7tua2'
    '_csrf-backend' => '9eb96e3cd89e51f065f124c29171136ca5925f8275505b234cb72bf50f6ee667a:2:{i:0;s:13:\"_csrf-backend\";i:1;s:32:\"NwBszUBV42TVWng0-rFu_4M7uegSyrU9\";}'
    'advanced-frontend' => 'fsan8h2fhbtj93muvkt1el6uu4'
    '_csrf-frontend' => 'cec4794eca4317020a39f95bf638510fd67bc3740d3d2ef8d9b72807ee795f07a:2:{i:0;s:14:\"_csrf-frontend\";i:1;s:32:\"Up3s-DzIJvR-qhMl-EGupxEi2rcZXxnu\";}'
]

$_SESSION = [
    '__flash' => []
]

$_SERVER = [
    'HTTP_HOST' => 'localhost'
    'HTTP_CONNECTION' => 'keep-alive'
    'CONTENT_LENGTH' => '232'
    'HTTP_CACHE_CONTROL' => 'max-age=0'
    'HTTP_SEC_CH_UA' => '\"Google Chrome\";v=\"93\", \" Not;A Brand\";v=\"99\", \"Chromium\";v=\"93\"'
    'HTTP_SEC_CH_UA_MOBILE' => '?0'
    'HTTP_SEC_CH_UA_PLATFORM' => '\"Windows\"'
    'HTTP_UPGRADE_INSECURE_REQUESTS' => '1'
    'HTTP_ORIGIN' => 'http://localhost'
    'CONTENT_TYPE' => 'application/x-www-form-urlencoded'
    'HTTP_USER_AGENT' => 'Mozilla/5.0 (Windows NT 10.0; Win64; x64) AppleWebKit/537.36 (KHTML, like Gecko) Chrome/93.0.4577.82 Safari/537.36'
    'HTTP_ACCEPT' => 'text/html,application/xhtml+xml,application/xml;q=0.9,image/avif,image/webp,image/apng,*/*;q=0.8,application/signed-exchange;v=b3;q=0.9'
    'HTTP_SEC_FETCH_SITE' => 'same-origin'
    'HTTP_SEC_FETCH_MODE' => 'navigate'
    'HTTP_SEC_FETCH_USER' => '?1'
    'HTTP_SEC_FETCH_DEST' => 'document'
    'HTTP_REFERER' => 'http://localhost/zuntic_control_v1/frontend/web/index.php?r=site%2Fsignup'
    'HTTP_ACCEPT_ENCODING' => 'gzip, deflate, br'
    'HTTP_ACCEPT_LANGUAGE' => 'es-ES,es;q=0.9'
    'HTTP_COOKIE' => 'Webstorm-1924e008=b6cdbc41-c5cb-4d80-a337-faf1458f4192; _identity-backend=cd98e620bd90fbd522a3e59be768f74c0410abe0d6adae8d4785813b11b7dcbfa%3A2%3A%7Bi%3A0%3Bs%3A17%3A%22_identity-backend%22%3Bi%3A1%3Bs%3A46%3A%22%5B6%2C%22JD3av8cEbK-f-tT5TiEAMTo2k4HAs9xc%22%2C2592000%5D%22%3B%7D; _identity-frontend=0ff838a7ad245788d62939471980f83ed4bd2f20d586c4efeea9db59519e7a09a%3A2%3A%7Bi%3A0%3Bs%3A18%3A%22_identity-frontend%22%3Bi%3A1%3Bs%3A46%3A%22%5B6%2C%22JD3av8cEbK-f-tT5TiEAMTo2k4HAs9xc%22%2C2592000%5D%22%3B%7D; advanced-backend=6ap1gi06dr44ttsnm1fso7tua2; _csrf-backend=9eb96e3cd89e51f065f124c29171136ca5925f8275505b234cb72bf50f6ee667a%3A2%3A%7Bi%3A0%3Bs%3A13%3A%22_csrf-backend%22%3Bi%3A1%3Bs%3A32%3A%22NwBszUBV42TVWng0-rFu_4M7uegSyrU9%22%3B%7D; advanced-frontend=fsan8h2fhbtj93muvkt1el6uu4; _csrf-frontend=cec4794eca4317020a39f95bf638510fd67bc3740d3d2ef8d9b72807ee795f07a%3A2%3A%7Bi%3A0%3Bs%3A14%3A%22_csrf-frontend%22%3Bi%3A1%3Bs%3A32%3A%22Up3s-DzIJvR-qhMl-EGupxEi2rcZXxnu%22%3B%7D'
    'PATH' => 'C:\\Program Files\\Rockwell Software\\RSCommon;C:\\Program Files (x86)\\Common Files\\Oracle\\Java\\javapath;C:\\ProgramData\\Oracle\\Java\\javapath;C:\\Program Files (x86)\\Intel\\Intel(R) Management Engine Components\\iCLS\\;C:\\Program Files\\Intel\\Intel(R) Management Engine Components\\iCLS\\;C:\\WINDOWS\\system32;C:\\WINDOWS;C:\\WINDOWS\\System32\\Wbem;C:\\WINDOWS\\System32\\WindowsPowerShell\\v1.0\\;C:\\WINDOWS\\System32\\OpenSSH\\;C:\\Program Files (x86)\\Intel\\Intel(R) Management Engine Components\\DAL;C:\\Program Files\\Intel\\Intel(R) Management Engine Components\\DAL;C:\\Program Files (x86)\\Intel\\Intel(R) Management Engine Components\\IPT;C:\\Program Files\\Intel\\Intel(R) Management Engine Components\\IPT;C:\\Program Files\\TortoiseGit\\bin;C:\\Program Files\\Git\\cmd;C:\\composer;C:\\wamp64\\bin\\php\\php5.6.25;C:\\apache-svn\\bin;C:\\Program Files\\VisualSVN Server\\bin;C:\\Program Files\\Microsoft SQL Server\\Client SDK\\ODBC\\170\\Tools\\Binn\\;C:\\Program Files (x86)\\Microsoft SQL Server\\150\\Tools\\Binn\\;C:\\Program Files\\Microsoft SQL Server\\150\\Tools\\Binn\\;C:\\Program Files\\Microsoft SQL Server\\150\\DTS\\Binn\\;C:\\Program Files (x86)\\Microsoft SQL Server\\150\\DTS\\Binn\\;C:\\Program Files\\Azure Data Studio\\bin;C:\\WINDOWS\\system32\\config\\systemprofile\\AppData\\Local\\Microsoft\\WindowsApps'
    'SystemRoot' => 'C:\\WINDOWS'
    'COMSPEC' => 'C:\\WINDOWS\\system32\\cmd.exe'
    'PATHEXT' => '.COM;.EXE;.BAT;.CMD;.VBS;.VBE;.JS;.JSE;.WSF;.WSH;.MSC'
    'WINDIR' => 'C:\\WINDOWS'
    'SERVER_SIGNATURE' => '<address>Apache/2.4.23 (Win64) PHP/7.0.10 Server at localhost Port 80</address>
'
    'SERVER_SOFTWARE' => 'Apache/2.4.23 (Win64) PHP/7.0.10'
    'SERVER_NAME' => 'localhost'
    'SERVER_ADDR' => '::1'
    'SERVER_PORT' => '80'
    'REMOTE_ADDR' => '::1'
    'DOCUMENT_ROOT' => 'C:/wamp64/www'
    'REQUEST_SCHEME' => 'http'
    'CONTEXT_PREFIX' => ''
    'CONTEXT_DOCUMENT_ROOT' => 'C:/wamp64/www'
    'SERVER_ADMIN' => 'wampserver@wampserver.invalid'
    'SCRIPT_FILENAME' => 'C:/wamp64/www/zuntic_control_v1/frontend/web/index.php'
    'REMOTE_PORT' => '55608'
    'GATEWAY_INTERFACE' => 'CGI/1.1'
    'SERVER_PROTOCOL' => 'HTTP/1.1'
    'REQUEST_METHOD' => 'POST'
    'QUERY_STRING' => 'r=site%2Fsignup'
    'REQUEST_URI' => '/zuntic_control_v1/frontend/web/index.php?r=site%2Fsignup'
    'SCRIPT_NAME' => '/zuntic_control_v1/frontend/web/index.php'
    'PHP_SELF' => '/zuntic_control_v1/frontend/web/index.php'
    'REQUEST_TIME_FLOAT' => 1636554045.387
    'REQUEST_TIME' => 1636554045
]
2021-11-10 14:29:43 [::1][-][fsan8h2fhbtj93muvkt1el6uu4][error][yii\base\UnknownPropertyException] yii\base\UnknownPropertyException: Setting unknown property: common\models\User::id_rol in C:\wamp64\www\zuntic_control_v1\vendor\yiisoft\yii2\base\Component.php:210
Stack trace:
#0 C:\wamp64\www\zuntic_control_v1\vendor\yiisoft\yii2\db\BaseActiveRecord.php(324): yii\base\Component->__set('id_rol', 0)
#1 C:\wamp64\www\zuntic_control_v1\frontend\models\SignupForm.php(58): yii\db\BaseActiveRecord->__set('id_rol', 0)
#2 C:\wamp64\www\zuntic_control_v1\frontend\controllers\SiteController.php(157): frontend\models\SignupForm->signup()
#3 [internal function]: frontend\controllers\SiteController->actionSignup()
#4 C:\wamp64\www\zuntic_control_v1\vendor\yiisoft\yii2\base\InlineAction.php(57): call_user_func_array(Array, Array)
#5 C:\wamp64\www\zuntic_control_v1\vendor\yiisoft\yii2\base\Controller.php(181): yii\base\InlineAction->runWithParams(Array)
#6 C:\wamp64\www\zuntic_control_v1\vendor\yiisoft\yii2\base\Module.php(534): yii\base\Controller->runAction('signup', Array)
#7 C:\wamp64\www\zuntic_control_v1\vendor\yiisoft\yii2\web\Application.php(104): yii\base\Module->runAction('site/signup', Array)
#8 C:\wamp64\www\zuntic_control_v1\vendor\yiisoft\yii2\base\Application.php(392): yii\web\Application->handleRequest(Object(yii\web\Request))
#9 C:\wamp64\www\zuntic_control_v1\frontend\web\index.php(18): yii\base\Application->run()
#10 {main}
2021-11-10 14:29:41 [::1][-][fsan8h2fhbtj93muvkt1el6uu4][info][application] $_GET = [
    'r' => 'site/signup'
]

$_POST = [
    '_csrf-frontend' => 'bEWuh6D9BYrnIb2gEa2wAAu-zHKhGtpvefJJrkYAioQ5NZ30jbl_w61X741gxf1sJvuLB9FinwZLgCr0Hnjk8Q=='
    'SignupForm' => [
        'username' => 'Darwin'
        'email' => 'darwin@gmail.com'
        'password' => 'darwincocom'
    ]
    'signup-button' => ''
]

$_FILES = []

$_COOKIE = [
    'Webstorm-1924e008' => 'b6cdbc41-c5cb-4d80-a337-faf1458f4192'
    '_identity-backend' => 'cd98e620bd90fbd522a3e59be768f74c0410abe0d6adae8d4785813b11b7dcbfa:2:{i:0;s:17:\"_identity-backend\";i:1;s:46:\"[6,\"JD3av8cEbK-f-tT5TiEAMTo2k4HAs9xc\",2592000]\";}'
    '_identity-frontend' => '0ff838a7ad245788d62939471980f83ed4bd2f20d586c4efeea9db59519e7a09a:2:{i:0;s:18:\"_identity-frontend\";i:1;s:46:\"[6,\"JD3av8cEbK-f-tT5TiEAMTo2k4HAs9xc\",2592000]\";}'
    'advanced-backend' => '6ap1gi06dr44ttsnm1fso7tua2'
    '_csrf-backend' => '9eb96e3cd89e51f065f124c29171136ca5925f8275505b234cb72bf50f6ee667a:2:{i:0;s:13:\"_csrf-backend\";i:1;s:32:\"NwBszUBV42TVWng0-rFu_4M7uegSyrU9\";}'
    'advanced-frontend' => 'fsan8h2fhbtj93muvkt1el6uu4'
    '_csrf-frontend' => 'cec4794eca4317020a39f95bf638510fd67bc3740d3d2ef8d9b72807ee795f07a:2:{i:0;s:14:\"_csrf-frontend\";i:1;s:32:\"Up3s-DzIJvR-qhMl-EGupxEi2rcZXxnu\";}'
]

$_SESSION = [
    '__flash' => []
]

$_SERVER = [
    'HTTP_HOST' => 'localhost'
    'HTTP_CONNECTION' => 'keep-alive'
    'CONTENT_LENGTH' => '232'
    'HTTP_CACHE_CONTROL' => 'max-age=0'
    'HTTP_SEC_CH_UA' => '\"Google Chrome\";v=\"93\", \" Not;A Brand\";v=\"99\", \"Chromium\";v=\"93\"'
    'HTTP_SEC_CH_UA_MOBILE' => '?0'
    'HTTP_SEC_CH_UA_PLATFORM' => '\"Windows\"'
    'HTTP_UPGRADE_INSECURE_REQUESTS' => '1'
    'HTTP_ORIGIN' => 'http://localhost'
    'CONTENT_TYPE' => 'application/x-www-form-urlencoded'
    'HTTP_USER_AGENT' => 'Mozilla/5.0 (Windows NT 10.0; Win64; x64) AppleWebKit/537.36 (KHTML, like Gecko) Chrome/93.0.4577.82 Safari/537.36'
    'HTTP_ACCEPT' => 'text/html,application/xhtml+xml,application/xml;q=0.9,image/avif,image/webp,image/apng,*/*;q=0.8,application/signed-exchange;v=b3;q=0.9'
    'HTTP_SEC_FETCH_SITE' => 'same-origin'
    'HTTP_SEC_FETCH_MODE' => 'navigate'
    'HTTP_SEC_FETCH_USER' => '?1'
    'HTTP_SEC_FETCH_DEST' => 'document'
    'HTTP_REFERER' => 'http://localhost/zuntic_control_v1/frontend/web/index.php?r=site%2Fsignup'
    'HTTP_ACCEPT_ENCODING' => 'gzip, deflate, br'
    'HTTP_ACCEPT_LANGUAGE' => 'es-ES,es;q=0.9'
    'HTTP_COOKIE' => 'Webstorm-1924e008=b6cdbc41-c5cb-4d80-a337-faf1458f4192; _identity-backend=cd98e620bd90fbd522a3e59be768f74c0410abe0d6adae8d4785813b11b7dcbfa%3A2%3A%7Bi%3A0%3Bs%3A17%3A%22_identity-backend%22%3Bi%3A1%3Bs%3A46%3A%22%5B6%2C%22JD3av8cEbK-f-tT5TiEAMTo2k4HAs9xc%22%2C2592000%5D%22%3B%7D; _identity-frontend=0ff838a7ad245788d62939471980f83ed4bd2f20d586c4efeea9db59519e7a09a%3A2%3A%7Bi%3A0%3Bs%3A18%3A%22_identity-frontend%22%3Bi%3A1%3Bs%3A46%3A%22%5B6%2C%22JD3av8cEbK-f-tT5TiEAMTo2k4HAs9xc%22%2C2592000%5D%22%3B%7D; advanced-backend=6ap1gi06dr44ttsnm1fso7tua2; _csrf-backend=9eb96e3cd89e51f065f124c29171136ca5925f8275505b234cb72bf50f6ee667a%3A2%3A%7Bi%3A0%3Bs%3A13%3A%22_csrf-backend%22%3Bi%3A1%3Bs%3A32%3A%22NwBszUBV42TVWng0-rFu_4M7uegSyrU9%22%3B%7D; advanced-frontend=fsan8h2fhbtj93muvkt1el6uu4; _csrf-frontend=cec4794eca4317020a39f95bf638510fd67bc3740d3d2ef8d9b72807ee795f07a%3A2%3A%7Bi%3A0%3Bs%3A14%3A%22_csrf-frontend%22%3Bi%3A1%3Bs%3A32%3A%22Up3s-DzIJvR-qhMl-EGupxEi2rcZXxnu%22%3B%7D'
    'PATH' => 'C:\\Program Files\\Rockwell Software\\RSCommon;C:\\Program Files (x86)\\Common Files\\Oracle\\Java\\javapath;C:\\ProgramData\\Oracle\\Java\\javapath;C:\\Program Files (x86)\\Intel\\Intel(R) Management Engine Components\\iCLS\\;C:\\Program Files\\Intel\\Intel(R) Management Engine Components\\iCLS\\;C:\\WINDOWS\\system32;C:\\WINDOWS;C:\\WINDOWS\\System32\\Wbem;C:\\WINDOWS\\System32\\WindowsPowerShell\\v1.0\\;C:\\WINDOWS\\System32\\OpenSSH\\;C:\\Program Files (x86)\\Intel\\Intel(R) Management Engine Components\\DAL;C:\\Program Files\\Intel\\Intel(R) Management Engine Components\\DAL;C:\\Program Files (x86)\\Intel\\Intel(R) Management Engine Components\\IPT;C:\\Program Files\\Intel\\Intel(R) Management Engine Components\\IPT;C:\\Program Files\\TortoiseGit\\bin;C:\\Program Files\\Git\\cmd;C:\\composer;C:\\wamp64\\bin\\php\\php5.6.25;C:\\apache-svn\\bin;C:\\Program Files\\VisualSVN Server\\bin;C:\\Program Files\\Microsoft SQL Server\\Client SDK\\ODBC\\170\\Tools\\Binn\\;C:\\Program Files (x86)\\Microsoft SQL Server\\150\\Tools\\Binn\\;C:\\Program Files\\Microsoft SQL Server\\150\\Tools\\Binn\\;C:\\Program Files\\Microsoft SQL Server\\150\\DTS\\Binn\\;C:\\Program Files (x86)\\Microsoft SQL Server\\150\\DTS\\Binn\\;C:\\Program Files\\Azure Data Studio\\bin;C:\\WINDOWS\\system32\\config\\systemprofile\\AppData\\Local\\Microsoft\\WindowsApps'
    'SystemRoot' => 'C:\\WINDOWS'
    'COMSPEC' => 'C:\\WINDOWS\\system32\\cmd.exe'
    'PATHEXT' => '.COM;.EXE;.BAT;.CMD;.VBS;.VBE;.JS;.JSE;.WSF;.WSH;.MSC'
    'WINDIR' => 'C:\\WINDOWS'
    'SERVER_SIGNATURE' => '<address>Apache/2.4.23 (Win64) PHP/7.0.10 Server at localhost Port 80</address>
'
    'SERVER_SOFTWARE' => 'Apache/2.4.23 (Win64) PHP/7.0.10'
    'SERVER_NAME' => 'localhost'
    'SERVER_ADDR' => '::1'
    'SERVER_PORT' => '80'
    'REMOTE_ADDR' => '::1'
    'DOCUMENT_ROOT' => 'C:/wamp64/www'
    'REQUEST_SCHEME' => 'http'
    'CONTEXT_PREFIX' => ''
    'CONTEXT_DOCUMENT_ROOT' => 'C:/wamp64/www'
    'SERVER_ADMIN' => 'wampserver@wampserver.invalid'
    'SCRIPT_FILENAME' => 'C:/wamp64/www/zuntic_control_v1/frontend/web/index.php'
    'REMOTE_PORT' => '54736'
    'GATEWAY_INTERFACE' => 'CGI/1.1'
    'SERVER_PROTOCOL' => 'HTTP/1.1'
    'REQUEST_METHOD' => 'POST'
    'QUERY_STRING' => 'r=site%2Fsignup'
    'REQUEST_URI' => '/zuntic_control_v1/frontend/web/index.php?r=site%2Fsignup'
    'SCRIPT_NAME' => '/zuntic_control_v1/frontend/web/index.php'
    'PHP_SELF' => '/zuntic_control_v1/frontend/web/index.php'
    'REQUEST_TIME_FLOAT' => 1636554581.622
    'REQUEST_TIME' => 1636554581
]
2021-11-10 14:35:24 [::1][-][fsan8h2fhbtj93muvkt1el6uu4][error][yii\base\UnknownPropertyException] yii\base\UnknownPropertyException: Setting unknown property: common\models\User::id_rol in C:\wamp64\www\zuntic_control_v1\vendor\yiisoft\yii2\base\Component.php:210
Stack trace:
#0 C:\wamp64\www\zuntic_control_v1\vendor\yiisoft\yii2\db\BaseActiveRecord.php(324): yii\base\Component->__set('id_rol', 0)
#1 C:\wamp64\www\zuntic_control_v1\frontend\models\SignupForm.php(58): yii\db\BaseActiveRecord->__set('id_rol', 0)
#2 C:\wamp64\www\zuntic_control_v1\frontend\controllers\SiteController.php(157): frontend\models\SignupForm->signup()
#3 [internal function]: frontend\controllers\SiteController->actionSignup()
#4 C:\wamp64\www\zuntic_control_v1\vendor\yiisoft\yii2\base\InlineAction.php(57): call_user_func_array(Array, Array)
#5 C:\wamp64\www\zuntic_control_v1\vendor\yiisoft\yii2\base\Controller.php(181): yii\base\InlineAction->runWithParams(Array)
#6 C:\wamp64\www\zuntic_control_v1\vendor\yiisoft\yii2\base\Module.php(534): yii\base\Controller->runAction('signup', Array)
#7 C:\wamp64\www\zuntic_control_v1\vendor\yiisoft\yii2\web\Application.php(104): yii\base\Module->runAction('site/signup', Array)
#8 C:\wamp64\www\zuntic_control_v1\vendor\yiisoft\yii2\base\Application.php(392): yii\web\Application->handleRequest(Object(yii\web\Request))
#9 C:\wamp64\www\zuntic_control_v1\frontend\web\index.php(18): yii\base\Application->run()
#10 {main}
2021-11-10 14:35:22 [::1][-][fsan8h2fhbtj93muvkt1el6uu4][info][application] $_GET = [
    'r' => 'site/signup'
]

$_POST = [
    '_csrf-frontend' => 'Q9RsWOIc8E5aI24_mmJnNTk3w37z-eQUOeiMqADgz1sWpF8rz1iKBxBVPBLrCipZFHKEC4OBoX0Lmu_yWJihLg=='
    'SignupForm' => [
        'username' => 'Darwin'
        'email' => 'darwin@gmail.com'
        'password' => 'darwincocom'
    ]
    'signup-button' => ''
]

$_FILES = []

$_COOKIE = [
    'Webstorm-1924e008' => 'b6cdbc41-c5cb-4d80-a337-faf1458f4192'
    '_identity-backend' => 'cd98e620bd90fbd522a3e59be768f74c0410abe0d6adae8d4785813b11b7dcbfa:2:{i:0;s:17:\"_identity-backend\";i:1;s:46:\"[6,\"JD3av8cEbK-f-tT5TiEAMTo2k4HAs9xc\",2592000]\";}'
    '_identity-frontend' => '0ff838a7ad245788d62939471980f83ed4bd2f20d586c4efeea9db59519e7a09a:2:{i:0;s:18:\"_identity-frontend\";i:1;s:46:\"[6,\"JD3av8cEbK-f-tT5TiEAMTo2k4HAs9xc\",2592000]\";}'
    'advanced-backend' => '6ap1gi06dr44ttsnm1fso7tua2'
    '_csrf-backend' => '9eb96e3cd89e51f065f124c29171136ca5925f8275505b234cb72bf50f6ee667a:2:{i:0;s:13:\"_csrf-backend\";i:1;s:32:\"NwBszUBV42TVWng0-rFu_4M7uegSyrU9\";}'
    'advanced-frontend' => 'fsan8h2fhbtj93muvkt1el6uu4'
    '_csrf-frontend' => 'cec4794eca4317020a39f95bf638510fd67bc3740d3d2ef8d9b72807ee795f07a:2:{i:0;s:14:\"_csrf-frontend\";i:1;s:32:\"Up3s-DzIJvR-qhMl-EGupxEi2rcZXxnu\";}'
]

$_SESSION = [
    '__flash' => []
]

$_SERVER = [
    'HTTP_HOST' => 'localhost'
    'HTTP_CONNECTION' => 'keep-alive'
    'CONTENT_LENGTH' => '232'
    'HTTP_CACHE_CONTROL' => 'max-age=0'
    'HTTP_SEC_CH_UA' => '\"Google Chrome\";v=\"93\", \" Not;A Brand\";v=\"99\", \"Chromium\";v=\"93\"'
    'HTTP_SEC_CH_UA_MOBILE' => '?0'
    'HTTP_SEC_CH_UA_PLATFORM' => '\"Windows\"'
    'HTTP_UPGRADE_INSECURE_REQUESTS' => '1'
    'HTTP_ORIGIN' => 'http://localhost'
    'CONTENT_TYPE' => 'application/x-www-form-urlencoded'
    'HTTP_USER_AGENT' => 'Mozilla/5.0 (Windows NT 10.0; Win64; x64) AppleWebKit/537.36 (KHTML, like Gecko) Chrome/93.0.4577.82 Safari/537.36'
    'HTTP_ACCEPT' => 'text/html,application/xhtml+xml,application/xml;q=0.9,image/avif,image/webp,image/apng,*/*;q=0.8,application/signed-exchange;v=b3;q=0.9'
    'HTTP_SEC_FETCH_SITE' => 'same-origin'
    'HTTP_SEC_FETCH_MODE' => 'navigate'
    'HTTP_SEC_FETCH_USER' => '?1'
    'HTTP_SEC_FETCH_DEST' => 'document'
    'HTTP_REFERER' => 'http://localhost/zuntic_control_v1/frontend/web/index.php?r=site%2Fsignup'
    'HTTP_ACCEPT_ENCODING' => 'gzip, deflate, br'
    'HTTP_ACCEPT_LANGUAGE' => 'es-ES,es;q=0.9'
    'HTTP_COOKIE' => 'Webstorm-1924e008=b6cdbc41-c5cb-4d80-a337-faf1458f4192; _identity-backend=cd98e620bd90fbd522a3e59be768f74c0410abe0d6adae8d4785813b11b7dcbfa%3A2%3A%7Bi%3A0%3Bs%3A17%3A%22_identity-backend%22%3Bi%3A1%3Bs%3A46%3A%22%5B6%2C%22JD3av8cEbK-f-tT5TiEAMTo2k4HAs9xc%22%2C2592000%5D%22%3B%7D; _identity-frontend=0ff838a7ad245788d62939471980f83ed4bd2f20d586c4efeea9db59519e7a09a%3A2%3A%7Bi%3A0%3Bs%3A18%3A%22_identity-frontend%22%3Bi%3A1%3Bs%3A46%3A%22%5B6%2C%22JD3av8cEbK-f-tT5TiEAMTo2k4HAs9xc%22%2C2592000%5D%22%3B%7D; advanced-backend=6ap1gi06dr44ttsnm1fso7tua2; _csrf-backend=9eb96e3cd89e51f065f124c29171136ca5925f8275505b234cb72bf50f6ee667a%3A2%3A%7Bi%3A0%3Bs%3A13%3A%22_csrf-backend%22%3Bi%3A1%3Bs%3A32%3A%22NwBszUBV42TVWng0-rFu_4M7uegSyrU9%22%3B%7D; advanced-frontend=fsan8h2fhbtj93muvkt1el6uu4; _csrf-frontend=cec4794eca4317020a39f95bf638510fd67bc3740d3d2ef8d9b72807ee795f07a%3A2%3A%7Bi%3A0%3Bs%3A14%3A%22_csrf-frontend%22%3Bi%3A1%3Bs%3A32%3A%22Up3s-DzIJvR-qhMl-EGupxEi2rcZXxnu%22%3B%7D'
    'PATH' => 'C:\\Program Files\\Rockwell Software\\RSCommon;C:\\Program Files (x86)\\Common Files\\Oracle\\Java\\javapath;C:\\ProgramData\\Oracle\\Java\\javapath;C:\\Program Files (x86)\\Intel\\Intel(R) Management Engine Components\\iCLS\\;C:\\Program Files\\Intel\\Intel(R) Management Engine Components\\iCLS\\;C:\\WINDOWS\\system32;C:\\WINDOWS;C:\\WINDOWS\\System32\\Wbem;C:\\WINDOWS\\System32\\WindowsPowerShell\\v1.0\\;C:\\WINDOWS\\System32\\OpenSSH\\;C:\\Program Files (x86)\\Intel\\Intel(R) Management Engine Components\\DAL;C:\\Program Files\\Intel\\Intel(R) Management Engine Components\\DAL;C:\\Program Files (x86)\\Intel\\Intel(R) Management Engine Components\\IPT;C:\\Program Files\\Intel\\Intel(R) Management Engine Components\\IPT;C:\\Program Files\\TortoiseGit\\bin;C:\\Program Files\\Git\\cmd;C:\\composer;C:\\wamp64\\bin\\php\\php5.6.25;C:\\apache-svn\\bin;C:\\Program Files\\VisualSVN Server\\bin;C:\\Program Files\\Microsoft SQL Server\\Client SDK\\ODBC\\170\\Tools\\Binn\\;C:\\Program Files (x86)\\Microsoft SQL Server\\150\\Tools\\Binn\\;C:\\Program Files\\Microsoft SQL Server\\150\\Tools\\Binn\\;C:\\Program Files\\Microsoft SQL Server\\150\\DTS\\Binn\\;C:\\Program Files (x86)\\Microsoft SQL Server\\150\\DTS\\Binn\\;C:\\Program Files\\Azure Data Studio\\bin;C:\\WINDOWS\\system32\\config\\systemprofile\\AppData\\Local\\Microsoft\\WindowsApps'
    'SystemRoot' => 'C:\\WINDOWS'
    'COMSPEC' => 'C:\\WINDOWS\\system32\\cmd.exe'
    'PATHEXT' => '.COM;.EXE;.BAT;.CMD;.VBS;.VBE;.JS;.JSE;.WSF;.WSH;.MSC'
    'WINDIR' => 'C:\\WINDOWS'
    'SERVER_SIGNATURE' => '<address>Apache/2.4.23 (Win64) PHP/7.0.10 Server at localhost Port 80</address>
'
    'SERVER_SOFTWARE' => 'Apache/2.4.23 (Win64) PHP/7.0.10'
    'SERVER_NAME' => 'localhost'
    'SERVER_ADDR' => '::1'
    'SERVER_PORT' => '80'
    'REMOTE_ADDR' => '::1'
    'DOCUMENT_ROOT' => 'C:/wamp64/www'
    'REQUEST_SCHEME' => 'http'
    'CONTEXT_PREFIX' => ''
    'CONTEXT_DOCUMENT_ROOT' => 'C:/wamp64/www'
    'SERVER_ADMIN' => 'wampserver@wampserver.invalid'
    'SCRIPT_FILENAME' => 'C:/wamp64/www/zuntic_control_v1/frontend/web/index.php'
    'REMOTE_PORT' => '57438'
    'GATEWAY_INTERFACE' => 'CGI/1.1'
    'SERVER_PROTOCOL' => 'HTTP/1.1'
    'REQUEST_METHOD' => 'POST'
    'QUERY_STRING' => 'r=site%2Fsignup'
    'REQUEST_URI' => '/zuntic_control_v1/frontend/web/index.php?r=site%2Fsignup'
    'SCRIPT_NAME' => '/zuntic_control_v1/frontend/web/index.php'
    'PHP_SELF' => '/zuntic_control_v1/frontend/web/index.php'
    'REQUEST_TIME_FLOAT' => 1636554922.097
    'REQUEST_TIME' => 1636554922
]
